#
# A fatal error has been detected by the Java Runtime Environment:
#
#  EXCEPTION_ACCESS_VIOLATION (0xc0000005) at pc=0x00007ffb19ad7680, pid=9504, tid=0x0000000000003428
#
# JRE version: Java(TM) SE Runtime Environment (8.0_191-b12) (build 1.8.0_191-b12)
# Java VM: Java HotSpot(TM) 64-Bit Server VM (25.191-b12 mixed mode windows-amd64 compressed oops)
# Problematic frame:
# C  [ig9icd64.dll+0x107680]
#
# Failed to write core dump. Minidumps are not enabled by default on client versions of Windows
#
# If you would like to submit a bug report, please visit:
#   http://bugreport.java.com/bugreport/crash.jsp
# The crash happened outside the Java Virtual Machine in native code.
# See problematic frame for where to report the bug.
#

---------------  T H R E A D  ---------------

Current thread (0x000000000311e000):  JavaThread "main" [_thread_in_native, id=13352, stack(0x0000000003140000,0x0000000003240000)]

siginfo: ExceptionCode=0xc0000005, reading address 0x00000000283f1000

Registers:
RAX=0x000000000000002c, RBX=0x000000000323e480, RCX=0x0000000000000000, RDX=0x00000000283f0ffc
RSP=0x000000000323e390, RBP=0x0000000000000000, RSI=0x0000000025959ac0, RDI=0x000000002595b0c0
R8 =0x0000000000000011, R9 =0x0000000000000000, R10=0x0000000000000001, R11=0x000000001dbf8d64
R12=0x0000000000000000, R13=0x000000000323e610, R14=0x0000000000001611, R15=0x0000000000000001
RIP=0x00007ffb19ad7680, EFLAGS=0x0000000000010202

Top of Stack: (sp=0x000000000323e390)
0x000000000323e390:   cafebabecafebabe 0000000000000000
0x000000000323e3a0:   0000000000000000 0000000000000000
0x000000000323e3b0:   00000000283ef9fc 00007ffb19e45500
0x000000000323e3c0:   0000075b00000464 0000000200000031
0x000000000323e3d0:   000000000323e570 0000000000000001
0x000000000323e3e0:   0000000000000000 00007ffb19e47d8f
0x000000000323e3f0:   000000000323e4f0 000000000323e5d0
0x000000000323e400:   0000000025340000 00007ffb19e46470
0x000000000323e410:   00007ffb199f002a 00007ffb00000001
0x000000000323e420:   0000000027de2040 0000000100000000
0x000000000323e430:   4000268040000240 0000000000000000
0x000000000323e440:   0000000025340000 0000000000000000
0x000000000323e450:   0000000000000000 00007ffb199f5038
0x000000000323e460:   0000000027260600 0000000000000000
0x000000000323e470:   0000000001391700 0000000000000000
0x000000000323e480:   00007ffb1a3e1fb0 000000001dbe0080 

Instructions: (pc=0x00007ffb19ad7680)
0x00007ffb19ad7660:   9f 41 83 e0 7f 0f 84 e0 00 00 00 45 8b d0 44 8b
0x00007ffb19ad7670:   c9 49 c1 ea 04 4d 85 d2 0f 84 cd 00 00 00 66 90
0x00007ffb19ad7680:   f3 0f 6f 02 41 ff c1 48 83 c2 10 41 8b c1 66 0f
0x00007ffb19ad7690:   e7 07 48 83 c7 10 49 3b c2 72 e5 e9 ab 00 00 00 


Register to memory mapping:

RAX=0x000000000000002c is an unknown value
RBX=0x000000000323e480 is pointing into the stack for thread: 0x000000000311e000
RCX=0x0000000000000000 is an unknown value
RDX=0x00000000283f0ffc is an unknown value
RSP=0x000000000323e390 is pointing into the stack for thread: 0x000000000311e000
RBP=0x0000000000000000 is an unknown value
RSI=0x0000000025959ac0 is an unknown value
RDI=0x000000002595b0c0 is an unknown value
R8 =0x0000000000000011 is an unknown value
R9 =0x0000000000000000 is an unknown value
R10=0x0000000000000001 is an unknown value
R11=0x000000001dbf8d64 is an unknown value
R12=0x0000000000000000 is an unknown value
R13=0x000000000323e610 is pointing into the stack for thread: 0x000000000311e000
R14=0x0000000000001611 is an unknown value
R15=0x0000000000000001 is an unknown value


Stack: [0x0000000003140000,0x0000000003240000],  sp=0x000000000323e390,  free space=1016k
Native frames: (J=compiled Java code, j=interpreted, Vv=VM code, C=native code)

Java frames: (J=compiled Java code, j=interpreted, Vv=VM code)
j  org.lwjgl.opengl.GL11C.nglTexImage2D(IIIIIIIIJ)V+0
j  org.lwjgl.opengl.GL11C.glTexImage2D(IIIIIIIILjava/nio/ByteBuffer;)V+17
j  org.lwjgl.opengl.GL11.glTexImage2D(IIIIIIIILjava/nio/ByteBuffer;)V+14
J 739% C2 lenz.opengl.Texture.createTextureFromImage(Ljava/awt/image/BufferedImage;)V (235 bytes) @ 0x000000000363f78c [0x000000000363f140+0x64c]
j  lenz.opengl.Texture.<init>(Ljava/lang/String;IZ)V+13
j  lenz.opengl.Texture.<init>(Ljava/lang/String;I)V+13
j  ab3.Aufgabe3undFolgende.init()V+1146
j  lenz.opengl.AbstractOpenGLBase.start(Ljava/lang/String;II)V+65
j  ab3.Aufgabe3undFolgende.main([Ljava/lang/String;)V+15
v  ~StubRoutines::call_stub

---------------  P R O C E S S  ---------------

Java Threads: ( => current thread )
  0x000000001bb05000 JavaThread "Java2D Disposer" daemon [_thread_blocked, id=14968, stack(0x0000000027a10000,0x0000000027b10000)]
  0x0000000019b98000 JavaThread "Service Thread" daemon [_thread_blocked, id=12628, stack(0x000000001b590000,0x000000001b690000)]
  0x0000000019b22000 JavaThread "C1 CompilerThread3" daemon [_thread_blocked, id=3380, stack(0x000000001b490000,0x000000001b590000)]
  0x0000000019b21800 JavaThread "C2 CompilerThread2" daemon [_thread_blocked, id=12988, stack(0x000000001b390000,0x000000001b490000)]
  0x0000000019b19000 JavaThread "C2 CompilerThread1" daemon [_thread_blocked, id=17048, stack(0x000000001b290000,0x000000001b390000)]
  0x0000000019b13800 JavaThread "C2 CompilerThread0" daemon [_thread_blocked, id=1852, stack(0x000000001b190000,0x000000001b290000)]
  0x0000000019b0c800 JavaThread "Attach Listener" daemon [_thread_blocked, id=2992, stack(0x000000001b090000,0x000000001b190000)]
  0x0000000019b0b000 JavaThread "Signal Dispatcher" daemon [_thread_blocked, id=1576, stack(0x000000001af90000,0x000000001b090000)]
  0x0000000019b03000 JavaThread "Finalizer" daemon [_thread_blocked, id=1624, stack(0x000000001ad70000,0x000000001ae70000)]
  0x000000000333b000 JavaThread "Reference Handler" daemon [_thread_blocked, id=12928, stack(0x000000001ac70000,0x000000001ad70000)]
=>0x000000000311e000 JavaThread "main" [_thread_in_native, id=13352, stack(0x0000000003140000,0x0000000003240000)]

Other Threads:
  0x0000000019ae2800 VMThread [stack: 0x000000001ab70000,0x000000001ac70000] [id=5692]
  0x0000000019bcb000 WatcherThread [stack: 0x000000001b690000,0x000000001b790000] [id=9804]

VM state:not at safepoint (normal execution)

VM Mutex/Monitor currently owned by a thread: None

Heap:
 PSYoungGen      total 37888K, used 11071K [0x00000000d6200000, 0x00000000dac00000, 0x0000000100000000)
  eden space 32768K, 27% used [0x00000000d6200000,0x00000000d6acbca8,0x00000000d8200000)
  from space 5120K, 40% used [0x00000000d8200000,0x00000000d8404010,0x00000000d8700000)
  to   space 5120K, 0% used [0x00000000da700000,0x00000000da700000,0x00000000dac00000)
 ParOldGen       total 86016K, used 25571K [0x0000000082600000, 0x0000000087a00000, 0x00000000d6200000)
  object space 86016K, 29% used [0x0000000082600000,0x0000000083ef8e08,0x0000000087a00000)
 Metaspace       used 10122K, capacity 10395K, committed 10624K, reserved 1058816K
  class space    used 933K, capacity 1032K, committed 1152K, reserved 1048576K

Card table byte_map: [0x0000000012700000,0x0000000012af0000] byte_map_base: 0x00000000122ed000

Marking Bits: (ParMarkBitMap*) 0x0000000054333e30
 Begin Bits: [0x0000000013790000, 0x00000000156f8000)
 End Bits:   [0x00000000156f8000, 0x0000000017660000)

Polling page: 0x00000000017f0000

CodeCache: size=245760Kb used=3083Kb max_used=3097Kb free=242676Kb
 bounds [0x0000000003340000, 0x0000000003650000, 0x0000000012340000]
 total_blobs=1618 nmethods=756 adapters=775
 compilation: enabled

Compilation events (10 events):
Event: 0.772 Thread 0x0000000019b22000  750       3       javax.imageio.stream.FileCacheImageInputStream::read (128 bytes)
Event: 0.772 Thread 0x0000000019b22000 nmethod 750 0x0000000003640d90 code [0x0000000003640fa0, 0x00000000036419e8]
Event: 0.772 Thread 0x0000000019b22000  751       3       java.io.RandomAccessFile::readFully (45 bytes)
Event: 0.772 Thread 0x0000000019b22000 nmethod 751 0x00000000036349d0 code [0x0000000003634b60, 0x0000000003634ef8]
Event: 0.773 Thread 0x0000000019b22000  752   !   3       com.sun.imageio.plugins.jpeg.JPEGImageReader::readInputData (43 bytes)
Event: 0.773 Thread 0x0000000019b22000 nmethod 752 0x0000000003641e90 code [0x0000000003642040, 0x0000000003642548]
Event: 0.808 Thread 0x0000000019b22000  755       3       java.io.FileInputStream::read (8 bytes)
Event: 0.808 Thread 0x0000000019b22000 nmethod 755 0x0000000003642fd0 code [0x0000000003643140, 0x00000000036432c8]
Event: 0.820 Thread 0x0000000019b19000  756       4       lenz.opengl.Texture::createTextureFromImage (235 bytes)
Event: 0.828 Thread 0x0000000019b19000 nmethod 756 0x0000000003646b90 code [0x0000000003646d60, 0x0000000003647950]

GC Heap History (6 events):
Event: 0.728 GC heap before
{Heap before GC invocations=1 (full 0):
 PSYoungGen      total 37888K, used 32768K [0x00000000d6200000, 0x00000000d8c00000, 0x0000000100000000)
  eden space 32768K, 100% used [0x00000000d6200000,0x00000000d8200000,0x00000000d8200000)
  from space 5120K, 0% used [0x00000000d8700000,0x00000000d8700000,0x00000000d8c00000)
  to   space 5120K, 0% used [0x00000000d8200000,0x00000000d8200000,0x00000000d8700000)
 ParOldGen       total 86016K, used 0K [0x0000000082600000, 0x0000000087a00000, 0x00000000d6200000)
  object space 86016K, 0% used [0x0000000082600000,0x0000000082600000,0x0000000087a00000)
 Metaspace       used 10111K, capacity 10395K, committed 10624K, reserved 1058816K
  class space    used 933K, capacity 1032K, committed 1152K, reserved 1048576K
Event: 0.731 GC heap after
Heap after GC invocations=1 (full 0):
 PSYoungGen      total 37888K, used 5108K [0x00000000d6200000, 0x00000000d8c00000, 0x0000000100000000)
  eden space 32768K, 0% used [0x00000000d6200000,0x00000000d6200000,0x00000000d8200000)
  from space 5120K, 99% used [0x00000000d8200000,0x00000000d86fd128,0x00000000d8700000)
  to   space 5120K, 0% used [0x00000000d8700000,0x00000000d8700000,0x00000000d8c00000)
 ParOldGen       total 86016K, used 6953K [0x0000000082600000, 0x0000000087a00000, 0x00000000d6200000)
  object space 86016K, 8% used [0x0000000082600000,0x0000000082cca5e0,0x0000000087a00000)
 Metaspace       used 10111K, capacity 10395K, committed 10624K, reserved 1058816K
  class space    used 933K, capacity 1032K, committed 1152K, reserved 1048576K
}
Event: 0.833 GC heap before
{Heap before GC invocations=2 (full 0):
 PSYoungGen      total 37888K, used 37876K [0x00000000d6200000, 0x00000000d8c00000, 0x0000000100000000)
  eden space 32768K, 100% used [0x00000000d6200000,0x00000000d8200000,0x00000000d8200000)
  from space 5120K, 99% used [0x00000000d8200000,0x00000000d86fd128,0x00000000d8700000)
  to   space 5120K, 0% used [0x00000000d8700000,0x00000000d8700000,0x00000000d8c00000)
 ParOldGen       total 86016K, used 6953K [0x0000000082600000, 0x0000000087a00000, 0x00000000d6200000)
  object space 86016K, 8% used [0x0000000082600000,0x0000000082cca5e0,0x0000000087a00000)
 Metaspace       used 10122K, capacity 10395K, committed 10624K, reserved 1058816K
  class space    used 933K, capacity 1032K, committed 1152K, reserved 1048576K
Event: 0.837 GC heap after
Heap after GC invocations=2 (full 0):
 PSYoungGen      total 37888K, used 2080K [0x00000000d6200000, 0x00000000dac00000, 0x0000000100000000)
  eden space 32768K, 0% used [0x00000000d6200000,0x00000000d6200000,0x00000000d8200000)
  from space 5120K, 40% used [0x00000000d8700000,0x00000000d8908000,0x00000000d8c00000)
  to   space 5120K, 0% used [0x00000000d8200000,0x00000000d8200000,0x00000000d8700000)
 ParOldGen       total 86016K, used 25563K [0x0000000082600000, 0x0000000087a00000, 0x00000000d6200000)
  object space 86016K, 29% used [0x0000000082600000,0x0000000083ef6e08,0x0000000087a00000)
 Metaspace       used 10122K, capacity 10395K, committed 10624K, reserved 1058816K
  class space    used 933K, capacity 1032K, committed 1152K, reserved 1048576K
}
Event: 0.884 GC heap before
{Heap before GC invocations=3 (full 0):
 PSYoungGen      total 37888K, used 34848K [0x00000000d6200000, 0x00000000dac00000, 0x0000000100000000)
  eden space 32768K, 100% used [0x00000000d6200000,0x00000000d8200000,0x00000000d8200000)
  from space 5120K, 40% used [0x00000000d8700000,0x00000000d8908000,0x00000000d8c00000)
  to   space 5120K, 0% used [0x00000000d8200000,0x00000000d8200000,0x00000000d8700000)
 ParOldGen       total 86016K, used 25563K [0x0000000082600000, 0x0000000087a00000, 0x00000000d6200000)
  object space 86016K, 29% used [0x0000000082600000,0x0000000083ef6e08,0x0000000087a00000)
 Metaspace       used 10122K, capacity 10395K, committed 10624K, reserved 1058816K
  class space    used 933K, capacity 1032K, committed 1152K, reserved 1048576K
Event: 0.885 GC heap after
Heap after GC invocations=3 (full 0):
 PSYoungGen      total 37888K, used 2064K [0x00000000d6200000, 0x00000000dac00000, 0x0000000100000000)
  eden space 32768K, 0% used [0x00000000d6200000,0x00000000d6200000,0x00000000d8200000)
  from space 5120K, 40% used [0x00000000d8200000,0x00000000d8404010,0x00000000d8700000)
  to   space 5120K, 0% used [0x00000000da700000,0x00000000da700000,0x00000000dac00000)
 ParOldGen       total 86016K, used 25571K [0x0000000082600000, 0x0000000087a00000, 0x00000000d6200000)
  object space 86016K, 29% used [0x0000000082600000,0x0000000083ef8e08,0x0000000087a00000)
 Metaspace       used 10122K, capacity 10395K, committed 10624K, reserved 1058816K
  class space    used 933K, capacity 1032K, committed 1152K, reserved 1048576K
}

Deoptimization events (1 events):
Event: 0.533 Thread 0x000000000311e000 Uncommon trap: reason=unstable_if action=reinterpret pc=0x00000000034e445c method=java.lang.String.indexOf([CII[CIII)I @ 3

Classes redefined (0 events):
No events

Internal exceptions (10 events):
Event: 0.088 Thread 0x000000000311e000 Exception <a 'java/lang/NoSuchMethodError': java.lang.Object.lambda$static$0(Ljava/lang/String;)Ljava/lang/Boolean;> (0x00000000d6432e20) thrown at [C:\re\workspace\8-2-build-windows-amd64-cygwin\jdk8u191\11896\hotspot\src\share\vm\interpreter\linkResolve
Event: 0.096 Thread 0x000000000311e000 Exception <a 'java/lang/NoSuchFieldError': method resolution failed> (0x00000000d64aae30) thrown at [C:\re\workspace\8-2-build-windows-amd64-cygwin\jdk8u191\11896\hotspot\src\share\vm\prims\methodHandles.cpp, line 1167]
Event: 0.098 Thread 0x000000000311e000 Exception <a 'java/lang/NoSuchFieldError': method resolution failed> (0x00000000d64b81b0) thrown at [C:\re\workspace\8-2-build-windows-amd64-cygwin\jdk8u191\11896\hotspot\src\share\vm\prims\methodHandles.cpp, line 1167]
Event: 0.118 Thread 0x000000000311e000 Exception <a 'java/security/PrivilegedActionException'> (0x00000000d65479b8) thrown at [C:\re\workspace\8-2-build-windows-amd64-cygwin\jdk8u191\11896\hotspot\src\share\vm\prims\jvm.cpp, line 1435]
Event: 0.118 Thread 0x000000000311e000 Exception <a 'java/security/PrivilegedActionException'> (0x00000000d6547bc8) thrown at [C:\re\workspace\8-2-build-windows-amd64-cygwin\jdk8u191\11896\hotspot\src\share\vm\prims\jvm.cpp, line 1435]
Event: 0.118 Thread 0x000000000311e000 Exception <a 'java/security/PrivilegedActionException'> (0x00000000d6549f78) thrown at [C:\re\workspace\8-2-build-windows-amd64-cygwin\jdk8u191\11896\hotspot\src\share\vm\prims\jvm.cpp, line 1435]
Event: 0.118 Thread 0x000000000311e000 Exception <a 'java/security/PrivilegedActionException'> (0x00000000d654a188) thrown at [C:\re\workspace\8-2-build-windows-amd64-cygwin\jdk8u191\11896\hotspot\src\share\vm\prims\jvm.cpp, line 1435]
Event: 0.310 Thread 0x000000000311e000 Exception <a 'sun/nio/fs/WindowsException'> (0x00000000d6821b98) thrown at [C:\re\workspace\8-2-build-windows-amd64-cygwin\jdk8u191\11896\hotspot\src\share\vm\prims\jni.cpp, line 709]
Event: 0.311 Thread 0x000000000311e000 Exception <a 'sun/nio/fs/WindowsException'> (0x00000000d6822390) thrown at [C:\re\workspace\8-2-build-windows-amd64-cygwin\jdk8u191\11896\hotspot\src\share\vm\prims\jni.cpp, line 709]
Event: 0.522 Thread 0x000000000311e000 Exception <a 'java/io/FileNotFoundException'> (0x00000000d6f44c98) thrown at [C:\re\workspace\8-2-build-windows-amd64-cygwin\jdk8u191\11896\hotspot\src\share\vm\prims\jni.cpp, line 709]

Events (10 events):
Event: 0.717 Thread 0x000000000311e000 DEOPT PACKING pc=0x00000000036385ca sp=0x000000000323edb0
Event: 0.717 Thread 0x000000000311e000 DEOPT UNPACKING pc=0x0000000003387890 sp=0x000000000323eca8 mode 0
Event: 0.728 Executing VM operation: ParallelGCFailedAllocation
Event: 0.731 Executing VM operation: ParallelGCFailedAllocation done
Event: 0.820 Thread 0x000000000311e000 DEOPT PACKING pc=0x000000000363b132 sp=0x000000000323edf0
Event: 0.820 Thread 0x000000000311e000 DEOPT UNPACKING pc=0x0000000003387890 sp=0x000000000323eca8 mode 0
Event: 0.833 Executing VM operation: ParallelGCFailedAllocation
Event: 0.837 Executing VM operation: ParallelGCFailedAllocation done
Event: 0.884 Executing VM operation: ParallelGCFailedAllocation
Event: 0.885 Executing VM operation: ParallelGCFailedAllocation done


Dynamic libraries:
0x00007ff6edf10000 - 0x00007ff6edf47000 	D:\Programme\Java\bin\javaw.exe
0x00007ffb6f0c0000 - 0x00007ffb6f2a1000 	C:\WINDOWS\SYSTEM32\ntdll.dll
0x00007ffb6dd10000 - 0x00007ffb6ddc2000 	C:\WINDOWS\System32\KERNEL32.DLL
0x00007ffb6bf30000 - 0x00007ffb6c1a3000 	C:\WINDOWS\System32\KERNELBASE.dll
0x00007ffb6e660000 - 0x00007ffb6e701000 	C:\WINDOWS\System32\ADVAPI32.dll
0x00007ffb6eff0000 - 0x00007ffb6f08e000 	C:\WINDOWS\System32\msvcrt.dll
0x00007ffb6e230000 - 0x00007ffb6e28b000 	C:\WINDOWS\System32\sechost.dll
0x00007ffb6eeb0000 - 0x00007ffb6efd4000 	C:\WINDOWS\System32\RPCRT4.dll
0x00007ffb6e290000 - 0x00007ffb6e420000 	C:\WINDOWS\System32\USER32.dll
0x00007ffb6b490000 - 0x00007ffb6b4b0000 	C:\WINDOWS\System32\win32u.dll
0x00007ffb6ecc0000 - 0x00007ffb6ece8000 	C:\WINDOWS\System32\GDI32.dll
0x00007ffb6c2b0000 - 0x00007ffb6c442000 	C:\WINDOWS\System32\gdi32full.dll
0x00007ffb6be30000 - 0x00007ffb6becf000 	C:\WINDOWS\System32\msvcp_win.dll
0x00007ffb6c450000 - 0x00007ffb6c54a000 	C:\WINDOWS\System32\ucrtbase.dll
0x00007ffb531b0000 - 0x00007ffb53419000 	C:\WINDOWS\WinSxS\amd64_microsoft.windows.common-controls_6595b64144ccf1df_6.0.17134.523_none_fb409dd930672a56\COMCTL32.dll
0x00007ffb6e820000 - 0x00007ffb6eb42000 	C:\WINDOWS\System32\combase.dll
0x00007ffb6bdb0000 - 0x00007ffb6be2a000 	C:\WINDOWS\System32\bcryptPrimitives.dll
0x00007ffb6e450000 - 0x00007ffb6e47d000 	C:\WINDOWS\System32\IMM32.DLL
0x00000000535f0000 - 0x00000000536c2000 	D:\Programme\Java\bin\msvcr100.dll
0x0000000053b10000 - 0x00000000543b4000 	D:\Programme\Java\bin\server\jvm.dll
0x00007ffb6e440000 - 0x00007ffb6e448000 	C:\WINDOWS\System32\PSAPI.DLL
0x00007ffb5bbf0000 - 0x00007ffb5bbfa000 	C:\WINDOWS\SYSTEM32\VERSION.dll
0x00007ffb59bc0000 - 0x00007ffb59bc9000 	C:\WINDOWS\SYSTEM32\WSOCK32.dll
0x00007ffb6eb50000 - 0x00007ffb6ebbc000 	C:\WINDOWS\System32\WS2_32.dll
0x00007ffb684b0000 - 0x00007ffb684d3000 	C:\WINDOWS\SYSTEM32\WINMM.dll
0x00007ffb68240000 - 0x00007ffb6826a000 	C:\WINDOWS\SYSTEM32\winmmbase.dll
0x00007ffb6c260000 - 0x00007ffb6c2a9000 	C:\WINDOWS\System32\cfgmgr32.dll
0x0000000053a20000 - 0x0000000053a2f000 	D:\Programme\Java\bin\verify.dll
0x00000000539f0000 - 0x0000000053a19000 	D:\Programme\Java\bin\java.dll
0x00000000539d0000 - 0x00000000539e6000 	D:\Programme\Java\bin\zip.dll
0x00007ffb6c730000 - 0x00007ffb6db70000 	C:\WINDOWS\System32\SHELL32.dll
0x00007ffb6e770000 - 0x00007ffb6e819000 	C:\WINDOWS\System32\shcore.dll
0x00007ffb6b4b0000 - 0x00007ffb6bbbd000 	C:\WINDOWS\System32\windows.storage.dll
0x00007ffb6e480000 - 0x00007ffb6e4d1000 	C:\WINDOWS\System32\shlwapi.dll
0x00007ffb6b3d0000 - 0x00007ffb6b3e1000 	C:\WINDOWS\System32\kernel.appcore.dll
0x00007ffb6b440000 - 0x00007ffb6b45f000 	C:\WINDOWS\System32\profapi.dll
0x00007ffb6b3f0000 - 0x00007ffb6b43c000 	C:\WINDOWS\System32\powrprof.dll
0x00007ffb6b460000 - 0x00007ffb6b46a000 	C:\WINDOWS\System32\FLTLIB.DLL
0x00000000539b0000 - 0x00000000539ca000 	D:\Programme\Java\bin\net.dll
0x00007ffb6ac50000 - 0x00007ffb6acb6000 	C:\WINDOWS\system32\mswsock.dll
0x0000000053990000 - 0x00000000539a1000 	D:\Programme\Java\bin\nio.dll
0x00007ffb42080000 - 0x00007ffb420e1000 	C:\Users\Pascal\AppData\Local\Temp\lwjglPascal\3.2.0-build-12\lwjgl.dll
0x00007ffb3d7c0000 - 0x00007ffb3d81c000 	C:\Users\Pascal\AppData\Local\Temp\lwjglPascal\3.2.0-build-12\glfw.dll
0x00007ffb698a0000 - 0x00007ffb69938000 	C:\WINDOWS\system32\uxtheme.dll
0x00007ffb3b560000 - 0x00007ffb3b5a3000 	C:\WINDOWS\SYSTEM32\dinput8.dll
0x00007ffb577a0000 - 0x00007ffb577b0000 	C:\WINDOWS\SYSTEM32\xinput1_4.dll
0x00007ffb6b1e0000 - 0x00007ffb6b207000 	C:\WINDOWS\SYSTEM32\DEVOBJ.dll
0x00007ffb69b40000 - 0x00007ffb69b69000 	C:\WINDOWS\SYSTEM32\dwmapi.dll
0x00007ffb5be60000 - 0x00007ffb5bed9000 	C:\WINDOWS\SYSTEM32\inputhost.dll
0x00007ffb68a00000 - 0x00007ffb68ada000 	C:\WINDOWS\SYSTEM32\CoreMessaging.dll
0x00007ffb69270000 - 0x00007ffb693bd000 	C:\WINDOWS\SYSTEM32\wintypes.dll
0x00007ffb65740000 - 0x00007ffb65a5e000 	C:\WINDOWS\SYSTEM32\CoreUIComponents.dll
0x00007ffb6a4c0000 - 0x00007ffb6a4f1000 	C:\WINDOWS\SYSTEM32\ntmarta.dll
0x00007ffb6e4e0000 - 0x00007ffb6e653000 	C:\WINDOWS\System32\MSCTF.dll
0x00007ffb6ede0000 - 0x00007ffb6eea2000 	C:\WINDOWS\System32\OLEAUT32.dll
0x00007ffb6a0e0000 - 0x00007ffb6a0ec000 	C:\WINDOWS\SYSTEM32\HID.DLL
0x00007ffb6dde0000 - 0x00007ffb6e22b000 	C:\WINDOWS\System32\SETUPAPI.DLL
0x00007ffb6bed0000 - 0x00007ffb6bf27000 	C:\WINDOWS\System32\WINTRUST.dll
0x00007ffb6b470000 - 0x00007ffb6b482000 	C:\WINDOWS\System32\MSASN1.dll
0x00007ffb6bbc0000 - 0x00007ffb6bda2000 	C:\WINDOWS\System32\CRYPT32.dll
0x00007ffb48960000 - 0x00007ffb48a80000 	C:\WINDOWS\SYSTEM32\opengl32.dll
0x00007ffb492e0000 - 0x00007ffb4930c000 	C:\WINDOWS\SYSTEM32\GLU32.dll
0x00007ffb199d0000 - 0x00007ffb1a8d0000 	C:\WINDOWS\System32\DriverStore\FileRepository\igdlh64.inf_amd64_b5d4c82c67b39358\ig9icd64.dll
0x00007ffb6a190000 - 0x00007ffb6a24b000 	C:\WINDOWS\SYSTEM32\dxgi.dll
0x00007ffb67710000 - 0x00007ffb67723000 	C:\WINDOWS\SYSTEM32\WTSAPI32.dll
0x00007ffb5fb40000 - 0x00007ffb618e0000 	C:\WINDOWS\System32\DriverStore\FileRepository\igdlh64.inf_amd64_b5d4c82c67b39358\igc64.dll
0x00007ffb5bdc0000 - 0x00007ffb5be56000 	C:\WINDOWS\System32\TextInputFramework.dll
0x00007ffb3b500000 - 0x00007ffb3b559000 	C:\Users\Pascal\AppData\Local\Temp\lwjglPascal\3.2.0-build-12\lwjgl_opengl.dll
0x0000000053450000 - 0x00000000535e9000 	D:\Programme\Java\bin\awt.dll
0x00007ffb68ed0000 - 0x00007ffb68f5b000 	C:\WINDOWS\SYSTEM32\apphelp.dll
0x00007ffb6ae00000 - 0x00007ffb6ae17000 	C:\WINDOWS\SYSTEM32\CRYPTSP.dll
0x00007ffb6a7d0000 - 0x00007ffb6a803000 	C:\WINDOWS\system32\rsaenh.dll
0x00007ffb6af30000 - 0x00007ffb6af55000 	C:\WINDOWS\SYSTEM32\bcrypt.dll
0x00007ffb6b300000 - 0x00007ffb6b328000 	C:\WINDOWS\SYSTEM32\USERENV.dll
0x00007ffb6ae20000 - 0x00007ffb6ae2b000 	C:\WINDOWS\SYSTEM32\CRYPTBASE.dll
0x00007ffb6a9d0000 - 0x00007ffb6aa08000 	C:\WINDOWS\SYSTEM32\IPHLPAPI.DLL
0x00007ffb6efe0000 - 0x00007ffb6efe8000 	C:\WINDOWS\System32\NSI.dll
0x00007ffb65660000 - 0x00007ffb65676000 	C:\WINDOWS\SYSTEM32\dhcpcsvc6.DLL
0x00007ffb65e00000 - 0x00007ffb65e1a000 	C:\WINDOWS\SYSTEM32\dhcpcsvc.DLL
0x0000000053410000 - 0x0000000053441000 	D:\Programme\Java\bin\jpeg.dll
0x00000000533d0000 - 0x000000005340e000 	D:\Programme\Java\bin\lcms.dll
0x00007ffb65e50000 - 0x00007ffb66019000 	C:\WINDOWS\SYSTEM32\dbghelp.dll

VM Arguments:
jvm_args: -Dfile.encoding=Cp1252 
java_command: ab3.Aufgabe3undFolgende
java_class_path (initial): D:\Studium\eclipse-workspace\Computergrafik18.12\bin;D:\Studium\eclipse-workspace\Computergrafik18.12\lib\lwjgl-glfw-natives-linux.jar;D:\Studium\eclipse-workspace\Computergrafik18.12\lib\lwjgl-glfw-natives-macos.jar;D:\Studium\eclipse-workspace\Computergrafik18.12\lib\lwjgl-glfw-natives-windows.jar;D:\Studium\eclipse-workspace\Computergrafik18.12\lib\lwjgl-glfw.jar;D:\Studium\eclipse-workspace\Computergrafik18.12\lib\lwjgl-natives-linux.jar;D:\Studium\eclipse-workspace\Computergrafik18.12\lib\lwjgl-natives-macos.jar;D:\Studium\eclipse-workspace\Computergrafik18.12\lib\lwjgl-natives-windows.jar;D:\Studium\eclipse-workspace\Computergrafik18.12\lib\lwjgl-opengl-natives-linux.jar;D:\Studium\eclipse-workspace\Computergrafik18.12\lib\lwjgl-opengl-natives-macos.jar;D:\Studium\eclipse-workspace\Computergrafik18.12\lib\lwjgl-opengl-natives-windows.jar;D:\Studium\eclipse-workspace\Computergrafik18.12\lib\lwjgl-opengl.jar;D:\Studium\eclipse-workspace\Computergrafik18.12\lib\lwjgl.jar
Launcher Type: SUN_STANDARD

Environment Variables:
PATH=D:/Programme/Java/bin/server;D:/Programme/Java/bin;D:/Programme/Java/lib/amd64;C:\Program Files (x86)\Common Files\Oracle\Java\javapath;C:\Program Files (x86)\Intel\Intel(R) Management Engine Components\iCLS\;C:\Program Files\Intel\Intel(R) Management Engine Components\iCLS\;C:\Windows\system32;C:\Windows;C:\Windows\System32\Wbem;C:\Windows\System32\WindowsPowerShell\v1.0\;C:\Program Files (x86)\Intel\Intel(R) Management Engine Components\DAL;C:\Program Files\Intel\Intel(R) Management Engine Components\DAL;C:\Program Files (x86)\Intel\Intel(R) Management Engine Components\IPT;C:\Program Files\Intel\Intel(R) Management Engine Components\IPT;C:\Program Files (x86)\NVIDIA Corporation\PhysX\Common;C:\Program Files\Intel\WiFi\bin\;C:\Program Files\Common Files\Intel\WirelessCommon\;C:\WINDOWS\system32;C:\WINDOWS;C:\WINDOWS\System32\Wbem;C:\WINDOWS\System32\WindowsPowerShell\v1.0\;C:\WINDOWS\System32\OpenSSH\;D:\Programme\Git\cmd;D:\Programme\Git\mingw32\bin;D:\Programme\Git\usr\bin;D:\Programme\Ruby25-x64\bin;C:\Users\Pascal\AppData\Local\Microsoft\WindowsApps;C:\WINDOWS\system32;
USERNAME=Pascal
OS=Windows_NT
PROCESSOR_IDENTIFIER=Intel64 Family 6 Model 158 Stepping 10, GenuineIntel



---------------  S Y S T E M  ---------------

OS: Windows 10.0 , 64 bit Build 17134 (10.0.17134.1)

CPU:total 12 (initial active 12) (6 cores per cpu, 2 threads per core) family 6 model 158 stepping 10, cmov, cx8, fxsr, mmx, sse, sse2, sse3, ssse3, sse4.1, sse4.2, popcnt, avx, avx2, aes, clmul, erms, 3dnowpref, lzcnt, ht, tsc, tscinvbit, bmi1, bmi2, adx

Memory: 4k page, physical 8227124k(3275704k free), swap 12945716k(5077860k free)

vm_info: Java HotSpot(TM) 64-Bit Server VM (25.191-b12) for windows-amd64 JRE (1.8.0_191-b12), built on Oct  6 2018 09:29:03 by "java_re" with MS VC++ 10.0 (VS2010)

time: Mon Jan 14 00:55:07 2019
elapsed time: 0 seconds (0d 0h 0m 0s)

