#
# A fatal error has been detected by the Java Runtime Environment:
#
#  EXCEPTION_ACCESS_VIOLATION (0xc0000005) at pc=0x00007ffcead46dd1, pid=29236, tid=0x0000000000007640
#
# JRE version: Java(TM) SE Runtime Environment (8.0_191-b12) (build 1.8.0_191-b12)
# Java VM: Java HotSpot(TM) 64-Bit Server VM (25.191-b12 mixed mode windows-amd64 compressed oops)
# Problematic frame:
# C  [ig9icd64.dll+0x4c6dd1]
#
# Failed to write core dump. Minidumps are not enabled by default on client versions of Windows
#
# If you would like to submit a bug report, please visit:
#   http://bugreport.java.com/bugreport/crash.jsp
# The crash happened outside the Java Virtual Machine in native code.
# See problematic frame for where to report the bug.
#

---------------  T H R E A D  ---------------

Current thread (0x0000000002d1e000):  JavaThread "main" [_thread_in_native, id=30272, stack(0x0000000002ba0000,0x0000000002ca0000)]

siginfo: ExceptionCode=0xc0000005, reading address 0x0000000000000028

Registers:
RAX=0x000000002570e110, RBX=0x000000001cb50080, RCX=0x0000000000000000, RDX=0x0000000026345c70
RSP=0x0000000002c9cd30, RBP=0x0000000002c9ce30, RSI=0x0000000000000000, RDI=0x0000000002c9d368
R8 =0x0000000000000000, R9 =0x0000000026346550, R10=0x0000000000000000, R11=0x0000000000000001
R12=0x000000002570e1f0, R13=0x00000000255b0090, R14=0x0000000002c9d670, R15=0x0000000026345c98
RIP=0x00007ffcead46dd1, EFLAGS=0x0000000000010206

Top of Stack: (sp=0x0000000002c9cd30)
0x0000000002c9cd30:   000000001cb50080 0000000002c9ce30
0x0000000002c9cd40:   0000000000000002 0000000002c9d350
0x0000000002c9cd50:   0000000000000001 0000000000000000
0x0000000002c9cd60:   0000000000000000 0000000000000000
0x0000000002c9cd70:   0000000400000000 0000000200000018
0x0000000002c9cd80:   0000000000000001 0000000000000000
0x0000000002c9cd90:   0000000000000001 0000000100000000
0x0000000002c9cda0:   0000000100000010 0000000026345c98
0x0000000002c9cdb0:   0000000002c9d368 0000000000000000
0x0000000002c9cdc0:   0000000000000001 0000000000000000
0x0000000002c9cdd0:   0000000000000001 0000000000000010
0x0000000002c9cde0:   000000002570e1f0 0000000000000000
0x0000000002c9cdf0:   0000000000000001 000000002577d2a0
0x0000000002c9ce00:   0000000000000001 000000001cd60fa4
0x0000000002c9ce10:   00000000255b0090 0000000000000000
0x0000000002c9ce20:   0000000000000003 0000000000000000 

Instructions: (pc=0x00007ffcead46dd1)
0x00007ffcead46db1:   44 24 70 41 8b 71 0c e9 59 04 00 00 39 48 08 74
0x00007ffcead46dc1:   65 4c 8d a0 e0 00 00 00 4c 89 65 b0 4d 8b 04 24
0x00007ffcead46dd1:   49 8b 40 28 48 8b 48 20 48 8b 51 08 8b 82 10 05
0x00007ffcead46de1:   00 00 03 82 10 03 00 00 03 82 10 01 00 00 89 47 


Register to memory mapping:

RAX=0x000000002570e110 is an unknown value
RBX=0x000000001cb50080 is an unknown value
RCX=0x0000000000000000 is an unknown value
RDX=0x0000000026345c70 is an unknown value
RSP=0x0000000002c9cd30 is pointing into the stack for thread: 0x0000000002d1e000
RBP=0x0000000002c9ce30 is pointing into the stack for thread: 0x0000000002d1e000
RSI=0x0000000000000000 is an unknown value
RDI=0x0000000002c9d368 is pointing into the stack for thread: 0x0000000002d1e000
R8 =0x0000000000000000 is an unknown value
R9 =0x0000000026346550 is an unknown value
R10=0x0000000000000000 is an unknown value
R11=0x0000000000000001 is an unknown value
R12=0x000000002570e1f0 is an unknown value
R13=0x00000000255b0090 is an unknown value
R14=0x0000000002c9d670 is pointing into the stack for thread: 0x0000000002d1e000
R15=0x0000000026345c98 is an unknown value


Stack: [0x0000000002ba0000,0x0000000002ca0000],  sp=0x0000000002c9cd30,  free space=1011k
Native frames: (J=compiled Java code, j=interpreted, Vv=VM code, C=native code)
C  [ig9icd64.dll+0x4c6dd1]
C  [ig9icd64.dll+0x536419]
C  [ig9icd64.dll+0x137518]
C  [ig9icd64.dll+0x4d2288]
C  [ig9icd64.dll+0x4c988d]
C  [ig9icd64.dll+0x3715e4]
C  [ig9icd64.dll+0x91ac95]
C  0x0000000002e38c67

Java frames: (J=compiled Java code, j=interpreted, Vv=VM code)
j  org.lwjgl.opengl.GL11C.glDrawArrays(III)V+0
j  org.lwjgl.opengl.GL11.glDrawArrays(III)V+3
j  ab3.Aufgabe3undFolgende.render()V+37
j  lenz.opengl.AbstractOpenGLBase.start(Ljava/lang/String;II)V+76
j  ab3.Aufgabe3undFolgende.main([Ljava/lang/String;)V+15
v  ~StubRoutines::call_stub

---------------  P R O C E S S  ---------------

Java Threads: ( => current thread )
  0x000000001b596800 JavaThread "Java2D Disposer" daemon [_thread_blocked, id=12488, stack(0x0000000026af0000,0x0000000026bf0000)]
  0x00000000196c6000 JavaThread "Service Thread" daemon [_thread_blocked, id=16516, stack(0x000000001b0b0000,0x000000001b1b0000)]
  0x000000001963b000 JavaThread "C1 CompilerThread3" daemon [_thread_blocked, id=24772, stack(0x000000001afb0000,0x000000001b0b0000)]
  0x000000001963a000 JavaThread "C2 CompilerThread2" daemon [_thread_blocked, id=20732, stack(0x000000001aeb0000,0x000000001afb0000)]
  0x0000000019636800 JavaThread "C2 CompilerThread1" daemon [_thread_blocked, id=27300, stack(0x000000001adb0000,0x000000001aeb0000)]
  0x0000000019630800 JavaThread "C2 CompilerThread0" daemon [_thread_blocked, id=6920, stack(0x000000001acb0000,0x000000001adb0000)]
  0x000000001962b800 JavaThread "Attach Listener" daemon [_thread_blocked, id=26044, stack(0x000000001abb0000,0x000000001acb0000)]
  0x0000000017f2e000 JavaThread "Signal Dispatcher" daemon [_thread_blocked, id=26592, stack(0x000000001aab0000,0x000000001abb0000)]
  0x0000000019623000 JavaThread "Finalizer" daemon [_thread_blocked, id=24016, stack(0x000000001a890000,0x000000001a990000)]
  0x0000000002e19000 JavaThread "Reference Handler" daemon [_thread_blocked, id=21236, stack(0x000000001a790000,0x000000001a890000)]
=>0x0000000002d1e000 JavaThread "main" [_thread_in_native, id=30272, stack(0x0000000002ba0000,0x0000000002ca0000)]

Other Threads:
  0x0000000019602800 VMThread [stack: 0x000000001a690000,0x000000001a790000] [id=25848]
  0x00000000196e1800 WatcherThread [stack: 0x000000001b1b0000,0x000000001b2b0000] [id=24828]

VM state:not at safepoint (normal execution)

VM Mutex/Monitor currently owned by a thread: None

Heap:
 PSYoungGen      total 37888K, used 16122K [0x00000000d6200000, 0x00000000d8c00000, 0x0000000100000000)
  eden space 32768K, 33% used [0x00000000d6200000,0x00000000d6cc5840,0x00000000d8200000)
  from space 5120K, 99% used [0x00000000d8200000,0x00000000d86f9138,0x00000000d8700000)
  to   space 5120K, 0% used [0x00000000d8700000,0x00000000d8700000,0x00000000d8c00000)
 ParOldGen       total 86016K, used 6976K [0x0000000082600000, 0x0000000087a00000, 0x00000000d6200000)
  object space 86016K, 8% used [0x0000000082600000,0x0000000082cd03a0,0x0000000087a00000)
 Metaspace       used 10106K, capacity 10395K, committed 10624K, reserved 1058816K
  class space    used 933K, capacity 1032K, committed 1152K, reserved 1048576K

Card table byte_map: [0x00000000121e0000,0x00000000125d0000] byte_map_base: 0x0000000011dcd000

Marking Bits: (ParMarkBitMap*) 0x000000005b443e30
 Begin Bits: [0x0000000013270000, 0x00000000151d8000)
 End Bits:   [0x00000000151d8000, 0x0000000017140000)

Polling page: 0x0000000000cc0000

CodeCache: size=245760Kb used=3039Kb max_used=3039Kb free=242720Kb
 bounds [0x0000000002e20000, 0x0000000003120000, 0x0000000011e20000]
 total_blobs=1595 nmethods=733 adapters=775
 compilation: enabled

Compilation events (10 events):
Event: 0.793 Thread 0x000000001963b000  730   !   3       java.lang.ref.ReferenceQueue::enqueue (119 bytes)
Event: 0.793 Thread 0x000000001963b000 nmethod 730 0x000000000310c990 code [0x000000000310cb20, 0x000000000310d288]
Event: 0.793 Thread 0x000000001963b000  727   !   3       java.util.zip.ZipFile$ZipFileInflaterInputStream::close (67 bytes)
Event: 0.793 Thread 0x000000001963b000 nmethod 727 0x0000000003116150 code [0x0000000003116320, 0x0000000003116b18]
Event: 0.793 Thread 0x000000001963b000  731       3       java.lang.ref.ReferenceQueue::reallyPoll (65 bytes)
Event: 0.794 Thread 0x000000001963b000 nmethod 731 0x000000000310e6d0 code [0x000000000310e840, 0x000000000310ecb0]
Event: 0.794 Thread 0x000000001963b000  732       3       java.lang.ref.Reference::clear (6 bytes)
Event: 0.794 Thread 0x000000001963b000 nmethod 732 0x000000000310e2d0 code [0x000000000310e420, 0x000000000310e590]
Event: 0.794 Thread 0x000000001963b000  733       3       java.lang.ref.ReferenceQueue::remove (6 bytes)
Event: 0.794 Thread 0x000000001963b000 nmethod 733 0x0000000003115d50 code [0x0000000003115ec0, 0x00000000031160c8]

GC Heap History (2 events):
Event: 0.788 GC heap before
{Heap before GC invocations=1 (full 0):
 PSYoungGen      total 37888K, used 32768K [0x00000000d6200000, 0x00000000d8c00000, 0x0000000100000000)
  eden space 32768K, 100% used [0x00000000d6200000,0x00000000d8200000,0x00000000d8200000)
  from space 5120K, 0% used [0x00000000d8700000,0x00000000d8700000,0x00000000d8c00000)
  to   space 5120K, 0% used [0x00000000d8200000,0x00000000d8200000,0x00000000d8700000)
 ParOldGen       total 86016K, used 0K [0x0000000082600000, 0x0000000087a00000, 0x00000000d6200000)
  object space 86016K, 0% used [0x0000000082600000,0x0000000082600000,0x0000000087a00000)
 Metaspace       used 10097K, capacity 10395K, committed 10624K, reserved 1058816K
  class space    used 933K, capacity 1032K, committed 1152K, reserved 1048576K
Event: 0.792 GC heap after
Heap after GC invocations=1 (full 0):
 PSYoungGen      total 37888K, used 5092K [0x00000000d6200000, 0x00000000d8c00000, 0x0000000100000000)
  eden space 32768K, 0% used [0x00000000d6200000,0x00000000d6200000,0x00000000d8200000)
  from space 5120K, 99% used [0x00000000d8200000,0x00000000d86f9138,0x00000000d8700000)
  to   space 5120K, 0% used [0x00000000d8700000,0x00000000d8700000,0x00000000d8c00000)
 ParOldGen       total 86016K, used 6976K [0x0000000082600000, 0x0000000087a00000, 0x00000000d6200000)
  object space 86016K, 8% used [0x0000000082600000,0x0000000082cd03a0,0x0000000087a00000)
 Metaspace       used 10097K, capacity 10395K, committed 10624K, reserved 1058816K
  class space    used 933K, capacity 1032K, committed 1152K, reserved 1048576K
}

Deoptimization events (1 events):
Event: 0.591 Thread 0x0000000002d1e000 Uncommon trap: reason=unstable_if action=reinterpret pc=0x0000000002fc4ddc method=java.lang.String.indexOf([CII[CIII)I @ 3

Classes redefined (0 events):
No events

Internal exceptions (10 events):
Event: 0.078 Thread 0x0000000002d1e000 Exception <a 'java/lang/NoSuchMethodError': java.lang.Object.lambda$static$0(Ljava/lang/String;)Ljava/lang/Boolean;> (0x00000000d6430f88) thrown at [C:\re\workspace\8-2-build-windows-amd64-cygwin\jdk8u191\11896\hotspot\src\share\vm\interpreter\linkResolve
Event: 0.086 Thread 0x0000000002d1e000 Exception <a 'java/lang/NoSuchFieldError': method resolution failed> (0x00000000d64a8fb8) thrown at [C:\re\workspace\8-2-build-windows-amd64-cygwin\jdk8u191\11896\hotspot\src\share\vm\prims\methodHandles.cpp, line 1167]
Event: 0.087 Thread 0x0000000002d1e000 Exception <a 'java/lang/NoSuchFieldError': method resolution failed> (0x00000000d64b6338) thrown at [C:\re\workspace\8-2-build-windows-amd64-cygwin\jdk8u191\11896\hotspot\src\share\vm\prims\methodHandles.cpp, line 1167]
Event: 0.098 Thread 0x0000000002d1e000 Exception <a 'java/security/PrivilegedActionException'> (0x00000000d6545558) thrown at [C:\re\workspace\8-2-build-windows-amd64-cygwin\jdk8u191\11896\hotspot\src\share\vm\prims\jvm.cpp, line 1435]
Event: 0.098 Thread 0x0000000002d1e000 Exception <a 'java/security/PrivilegedActionException'> (0x00000000d6545768) thrown at [C:\re\workspace\8-2-build-windows-amd64-cygwin\jdk8u191\11896\hotspot\src\share\vm\prims\jvm.cpp, line 1435]
Event: 0.098 Thread 0x0000000002d1e000 Exception <a 'java/security/PrivilegedActionException'> (0x00000000d6547b18) thrown at [C:\re\workspace\8-2-build-windows-amd64-cygwin\jdk8u191\11896\hotspot\src\share\vm\prims\jvm.cpp, line 1435]
Event: 0.098 Thread 0x0000000002d1e000 Exception <a 'java/security/PrivilegedActionException'> (0x00000000d6547d28) thrown at [C:\re\workspace\8-2-build-windows-amd64-cygwin\jdk8u191\11896\hotspot\src\share\vm\prims\jvm.cpp, line 1435]
Event: 0.389 Thread 0x0000000002d1e000 Exception <a 'sun/nio/fs/WindowsException'> (0x00000000d68205d8) thrown at [C:\re\workspace\8-2-build-windows-amd64-cygwin\jdk8u191\11896\hotspot\src\share\vm\prims\jni.cpp, line 709]
Event: 0.389 Thread 0x0000000002d1e000 Exception <a 'sun/nio/fs/WindowsException'> (0x00000000d6820dd0) thrown at [C:\re\workspace\8-2-build-windows-amd64-cygwin\jdk8u191\11896\hotspot\src\share\vm\prims\jni.cpp, line 709]
Event: 0.582 Thread 0x0000000002d1e000 Exception <a 'java/io/FileNotFoundException'> (0x00000000d6f26408) thrown at [C:\re\workspace\8-2-build-windows-amd64-cygwin\jdk8u191\11896\hotspot\src\share\vm\prims\jni.cpp, line 709]

Events (10 events):
Event: 0.721 Thread 0x0000000002d1e000 DEOPT PACKING pc=0x00000000030d87fa sp=0x0000000002c9e260
Event: 0.721 Thread 0x0000000002d1e000 DEOPT UNPACKING pc=0x0000000002e67890 sp=0x0000000002c9dff0 mode 0
Event: 0.722 Thread 0x0000000002d1e000 DEOPT PACKING pc=0x00000000030d87fa sp=0x0000000002c9e260
Event: 0.722 Thread 0x0000000002d1e000 DEOPT UNPACKING pc=0x0000000002e67890 sp=0x0000000002c9dff0 mode 0
Event: 0.751 loading class java/io/RandomAccessFile$1
Event: 0.751 loading class java/io/RandomAccessFile$1 done
Event: 0.775 Thread 0x0000000002d1e000 DEOPT PACKING pc=0x000000000311044a sp=0x0000000002c9ef00
Event: 0.775 Thread 0x0000000002d1e000 DEOPT UNPACKING pc=0x0000000002e67890 sp=0x0000000002c9edf8 mode 0
Event: 0.788 Executing VM operation: ParallelGCFailedAllocation
Event: 0.792 Executing VM operation: ParallelGCFailedAllocation done


Dynamic libraries:
0x00007ff6c4470000 - 0x00007ff6c44a7000 	D:\Programme\Java\bin\javaw.exe
0x00007ffd4ee90000 - 0x00007ffd4f071000 	C:\WINDOWS\SYSTEM32\ntdll.dll
0x00007ffd4c930000 - 0x00007ffd4c9e2000 	C:\WINDOWS\System32\KERNEL32.DLL
0x00007ffd4b6c0000 - 0x00007ffd4b933000 	C:\WINDOWS\System32\KERNELBASE.dll
0x00007ffd4e440000 - 0x00007ffd4e4e1000 	C:\WINDOWS\System32\ADVAPI32.dll
0x00007ffd4e3a0000 - 0x00007ffd4e43e000 	C:\WINDOWS\System32\msvcrt.dll
0x00007ffd4e2e0000 - 0x00007ffd4e33b000 	C:\WINDOWS\System32\sechost.dll
0x00007ffd4e4f0000 - 0x00007ffd4e614000 	C:\WINDOWS\System32\RPCRT4.dll
0x00007ffd4e710000 - 0x00007ffd4e8a0000 	C:\WINDOWS\System32\USER32.dll
0x00007ffd4b4b0000 - 0x00007ffd4b4d0000 	C:\WINDOWS\System32\win32u.dll
0x00007ffd4c4a0000 - 0x00007ffd4c4c8000 	C:\WINDOWS\System32\GDI32.dll
0x00007ffd4b520000 - 0x00007ffd4b6b2000 	C:\WINDOWS\System32\gdi32full.dll
0x00007ffd4c200000 - 0x00007ffd4c29f000 	C:\WINDOWS\System32\msvcp_win.dll
0x00007ffd4c100000 - 0x00007ffd4c1fa000 	C:\WINDOWS\System32\ucrtbase.dll
0x00007ffd36df0000 - 0x00007ffd37059000 	C:\WINDOWS\WinSxS\amd64_microsoft.windows.common-controls_6595b64144ccf1df_6.0.17134.472_none_fb3f9af53068156d\COMCTL32.dll
0x00007ffd4c9f0000 - 0x00007ffd4cd12000 	C:\WINDOWS\System32\combase.dll
0x00007ffd4c2a0000 - 0x00007ffd4c31a000 	C:\WINDOWS\System32\bcryptPrimitives.dll
0x00007ffd4e8b0000 - 0x00007ffd4e8dd000 	C:\WINDOWS\System32\IMM32.DLL
0x000000005a700000 - 0x000000005a7d2000 	D:\Programme\Java\bin\msvcr100.dll
0x000000005ac20000 - 0x000000005b4c4000 	D:\Programme\Java\bin\server\jvm.dll
0x00007ffd4c4d0000 - 0x00007ffd4c4d8000 	C:\WINDOWS\System32\PSAPI.DLL
0x00007ffd402e0000 - 0x00007ffd402e9000 	C:\WINDOWS\SYSTEM32\WSOCK32.dll
0x00007ffd429a0000 - 0x00007ffd429c3000 	C:\WINDOWS\SYSTEM32\WINMM.dll
0x00007ffd414f0000 - 0x00007ffd414fa000 	C:\WINDOWS\SYSTEM32\VERSION.dll
0x00007ffd4e8e0000 - 0x00007ffd4e94c000 	C:\WINDOWS\System32\WS2_32.dll
0x00007ffd42950000 - 0x00007ffd4297a000 	C:\WINDOWS\SYSTEM32\WINMMBASE.dll
0x00007ffd4b4d0000 - 0x00007ffd4b519000 	C:\WINDOWS\System32\cfgmgr32.dll
0x000000005ab30000 - 0x000000005ab3f000 	D:\Programme\Java\bin\verify.dll
0x000000005ab00000 - 0x000000005ab29000 	D:\Programme\Java\bin\java.dll
0x000000005aae0000 - 0x000000005aaf6000 	D:\Programme\Java\bin\zip.dll
0x00007ffd4cd20000 - 0x00007ffd4e160000 	C:\WINDOWS\System32\SHELL32.dll
0x00007ffd4e160000 - 0x00007ffd4e209000 	C:\WINDOWS\System32\shcore.dll
0x00007ffd4b940000 - 0x00007ffd4c04d000 	C:\WINDOWS\System32\windows.storage.dll
0x00007ffd4ebe0000 - 0x00007ffd4ec31000 	C:\WINDOWS\System32\shlwapi.dll
0x00007ffd4b1d0000 - 0x00007ffd4b1e1000 	C:\WINDOWS\System32\kernel.appcore.dll
0x00007ffd4b1f0000 - 0x00007ffd4b20f000 	C:\WINDOWS\System32\profapi.dll
0x00007ffd4b210000 - 0x00007ffd4b25c000 	C:\WINDOWS\System32\powrprof.dll
0x00007ffd4b1c0000 - 0x00007ffd4b1ca000 	C:\WINDOWS\System32\FLTLIB.DLL
0x000000005aac0000 - 0x000000005aada000 	D:\Programme\Java\bin\net.dll
0x00007ffd4aa20000 - 0x00007ffd4aa86000 	C:\WINDOWS\system32\mswsock.dll
0x000000005aaa0000 - 0x000000005aab1000 	D:\Programme\Java\bin\nio.dll
0x00007ffd3e230000 - 0x00007ffd3e291000 	C:\Users\Pascal\AppData\Local\Temp\lwjglPascal\3.2.0-build-12\lwjgl.dll
0x00007ffd3c140000 - 0x00007ffd3c19c000 	C:\Users\Pascal\AppData\Local\Temp\lwjglPascal\3.2.0-build-12\glfw.dll
0x00007ffd49840000 - 0x00007ffd498d8000 	C:\WINDOWS\system32\uxtheme.dll
0x00007ffd36c60000 - 0x00007ffd36ca3000 	C:\WINDOWS\SYSTEM32\dinput8.dll
0x00007ffd3c2d0000 - 0x00007ffd3c2e0000 	C:\WINDOWS\SYSTEM32\xinput1_4.dll
0x00007ffd4afb0000 - 0x00007ffd4afd7000 	C:\WINDOWS\SYSTEM32\DEVOBJ.dll
0x00007ffd49910000 - 0x00007ffd49939000 	C:\WINDOWS\SYSTEM32\dwmapi.dll
0x00007ffd33a50000 - 0x00007ffd33ac9000 	C:\WINDOWS\SYSTEM32\inputhost.dll
0x00007ffd49380000 - 0x00007ffd4945a000 	C:\WINDOWS\SYSTEM32\CoreMessaging.dll
0x00007ffd47930000 - 0x00007ffd47a7d000 	C:\WINDOWS\SYSTEM32\wintypes.dll
0x00007ffd3b0d0000 - 0x00007ffd3b3ee000 	C:\WINDOWS\SYSTEM32\CoreUIComponents.dll
0x00007ffd4a2c0000 - 0x00007ffd4a2f1000 	C:\WINDOWS\SYSTEM32\ntmarta.dll
0x00007ffd4c320000 - 0x00007ffd4c493000 	C:\WINDOWS\System32\MSCTF.dll
0x00007ffd4e210000 - 0x00007ffd4e2d2000 	C:\WINDOWS\System32\OLEAUT32.dll
0x00007ffd49eb0000 - 0x00007ffd49ebc000 	C:\WINDOWS\SYSTEM32\HID.DLL
0x00007ffd4c4e0000 - 0x00007ffd4c92b000 	C:\WINDOWS\System32\SETUPAPI.DLL
0x00007ffd4b450000 - 0x00007ffd4b4a7000 	C:\WINDOWS\System32\WINTRUST.dll
0x00007ffd4b1a0000 - 0x00007ffd4b1b2000 	C:\WINDOWS\System32\MSASN1.dll
0x00007ffd4b260000 - 0x00007ffd4b442000 	C:\WINDOWS\System32\CRYPT32.dll
0x00007ffd2cfe0000 - 0x00007ffd2d100000 	C:\WINDOWS\SYSTEM32\opengl32.dll
0x00007ffd2be00000 - 0x00007ffd2be2c000 	C:\WINDOWS\SYSTEM32\GLU32.dll
0x00007ffcea880000 - 0x00007ffceb780000 	C:\WINDOWS\System32\DriverStore\FileRepository\igdlh64.inf_amd64_b5d4c82c67b39358\ig9icd64.dll
0x00007ffd472f0000 - 0x00007ffd47303000 	C:\WINDOWS\SYSTEM32\WTSAPI32.dll
0x00007ffd49f60000 - 0x00007ffd4a01b000 	C:\WINDOWS\SYSTEM32\dxgi.dll
0x00007ffd37460000 - 0x00007ffd39200000 	C:\WINDOWS\System32\DriverStore\FileRepository\igdlh64.inf_amd64_b5d4c82c67b39358\igc64.dll
0x00007ffd33c90000 - 0x00007ffd33d26000 	C:\WINDOWS\System32\TextInputFramework.dll
0x00007ffd2d6a0000 - 0x00007ffd2d6f9000 	C:\Users\Pascal\AppData\Local\Temp\lwjglPascal\3.2.0-build-12\lwjgl_opengl.dll
0x000000005a560000 - 0x000000005a6f9000 	D:\Programme\Java\bin\awt.dll
0x00007ffd495d0000 - 0x00007ffd4965b000 	C:\WINDOWS\SYSTEM32\apphelp.dll
0x00007ffd4abd0000 - 0x00007ffd4abe7000 	C:\WINDOWS\SYSTEM32\CRYPTSP.dll
0x00007ffd4a5a0000 - 0x00007ffd4a5d3000 	C:\WINDOWS\system32\rsaenh.dll
0x00007ffd4ad00000 - 0x00007ffd4ad25000 	C:\WINDOWS\SYSTEM32\bcrypt.dll
0x00007ffd4b0a0000 - 0x00007ffd4b0c8000 	C:\WINDOWS\SYSTEM32\USERENV.dll
0x00007ffd4abf0000 - 0x00007ffd4abfb000 	C:\WINDOWS\SYSTEM32\CRYPTBASE.dll
0x00007ffd4a7a0000 - 0x00007ffd4a7d8000 	C:\WINDOWS\SYSTEM32\IPHLPAPI.DLL
0x00007ffd4eab0000 - 0x00007ffd4eab8000 	C:\WINDOWS\System32\NSI.dll
0x00007ffd45c30000 - 0x00007ffd45c46000 	C:\WINDOWS\SYSTEM32\dhcpcsvc6.DLL
0x00007ffd45d10000 - 0x00007ffd45d2a000 	C:\WINDOWS\SYSTEM32\dhcpcsvc.DLL
0x000000005a520000 - 0x000000005a551000 	D:\Programme\Java\bin\jpeg.dll
0x000000005a4e0000 - 0x000000005a51e000 	D:\Programme\Java\bin\lcms.dll
0x00007ffd3ed10000 - 0x00007ffd3eed9000 	C:\WINDOWS\SYSTEM32\dbghelp.dll

VM Arguments:
jvm_args: -Dfile.encoding=Cp1252 
java_command: ab3.Aufgabe3undFolgende
java_class_path (initial): D:\Studium\eclipse-workspace\Computergrafik18.12\bin;D:\Studium\eclipse-workspace\Computergrafik18.12\lib\lwjgl-glfw-natives-linux.jar;D:\Studium\eclipse-workspace\Computergrafik18.12\lib\lwjgl-glfw-natives-macos.jar;D:\Studium\eclipse-workspace\Computergrafik18.12\lib\lwjgl-glfw-natives-windows.jar;D:\Studium\eclipse-workspace\Computergrafik18.12\lib\lwjgl-glfw.jar;D:\Studium\eclipse-workspace\Computergrafik18.12\lib\lwjgl-natives-linux.jar;D:\Studium\eclipse-workspace\Computergrafik18.12\lib\lwjgl-natives-macos.jar;D:\Studium\eclipse-workspace\Computergrafik18.12\lib\lwjgl-natives-windows.jar;D:\Studium\eclipse-workspace\Computergrafik18.12\lib\lwjgl-opengl-natives-linux.jar;D:\Studium\eclipse-workspace\Computergrafik18.12\lib\lwjgl-opengl-natives-macos.jar;D:\Studium\eclipse-workspace\Computergrafik18.12\lib\lwjgl-opengl-natives-windows.jar;D:\Studium\eclipse-workspace\Computergrafik18.12\lib\lwjgl-opengl.jar;D:\Studium\eclipse-workspace\Computergrafik18.12\lib\lwjgl.jar
Launcher Type: SUN_STANDARD

Environment Variables:
PATH=D:/Programme/Java/bin/server;D:/Programme/Java/bin;D:/Programme/Java/lib/amd64;C:\Program Files (x86)\Common Files\Oracle\Java\javapath;C:\Program Files (x86)\Intel\Intel(R) Management Engine Components\iCLS\;C:\Program Files\Intel\Intel(R) Management Engine Components\iCLS\;C:\Windows\system32;C:\Windows;C:\Windows\System32\Wbem;C:\Windows\System32\WindowsPowerShell\v1.0\;C:\Program Files (x86)\Intel\Intel(R) Management Engine Components\DAL;C:\Program Files\Intel\Intel(R) Management Engine Components\DAL;C:\Program Files (x86)\Intel\Intel(R) Management Engine Components\IPT;C:\Program Files\Intel\Intel(R) Management Engine Components\IPT;C:\Program Files (x86)\NVIDIA Corporation\PhysX\Common;C:\Program Files\Intel\WiFi\bin\;C:\Program Files\Common Files\Intel\WirelessCommon\;C:\WINDOWS\system32;C:\WINDOWS;C:\WINDOWS\System32\Wbem;C:\WINDOWS\System32\WindowsPowerShell\v1.0\;C:\WINDOWS\System32\OpenSSH\;D:\Programme\Git\cmd;D:\Programme\Git\mingw32\bin;D:\Programme\Git\usr\bin;D:\Programme\Ruby25-x64\bin;C:\Users\Pascal\AppData\Local\Microsoft\WindowsApps;C:\WINDOWS\system32;
USERNAME=Pascal
OS=Windows_NT
PROCESSOR_IDENTIFIER=Intel64 Family 6 Model 158 Stepping 10, GenuineIntel



---------------  S Y S T E M  ---------------

OS: Windows 10.0 , 64 bit Build 17134 (10.0.17134.1)

CPU:total 12 (initial active 12) (6 cores per cpu, 2 threads per core) family 6 model 158 stepping 10, cmov, cx8, fxsr, mmx, sse, sse2, sse3, ssse3, sse4.1, sse4.2, popcnt, avx, avx2, aes, clmul, erms, 3dnowpref, lzcnt, ht, tsc, tscinvbit, bmi1, bmi2, adx

Memory: 4k page, physical 8227124k(3304300k free), swap 12945716k(4135460k free)

vm_info: Java HotSpot(TM) 64-Bit Server VM (25.191-b12) for windows-amd64 JRE (1.8.0_191-b12), built on Oct  6 2018 09:29:03 by "java_re" with MS VC++ 10.0 (VS2010)

time: Thu Jan 10 21:20:10 2019
elapsed time: 0 seconds (0d 0h 0m 0s)

