#
# A fatal error has been detected by the Java Runtime Environment:
#
#  EXCEPTION_ACCESS_VIOLATION (0xc0000005) at pc=0x00007ff838097680, pid=12808, tid=0x0000000000002dd4
#
# JRE version: Java(TM) SE Runtime Environment (8.0_191-b12) (build 1.8.0_191-b12)
# Java VM: Java HotSpot(TM) 64-Bit Server VM (25.191-b12 mixed mode windows-amd64 compressed oops)
# Problematic frame:
# C  [ig9icd64.dll+0x107680]
#
# Failed to write core dump. Minidumps are not enabled by default on client versions of Windows
#
# If you would like to submit a bug report, please visit:
#   http://bugreport.java.com/bugreport/crash.jsp
# The crash happened outside the Java Virtual Machine in native code.
# See problematic frame for where to report the bug.
#

---------------  T H R E A D  ---------------

Current thread (0x0000000002d0e000):  JavaThread "main" [_thread_in_native, id=11732, stack(0x0000000002d10000,0x0000000002e10000)]

siginfo: ExceptionCode=0xc0000005, reading address 0x00000000274f5000

Registers:
RAX=0x000000000000002c, RBX=0x0000000002e0e680, RCX=0x0000000000000000, RDX=0x00000000274f4ffc
RSP=0x0000000002e0e590, RBP=0x0000000000000000, RSI=0x00000000248d9ac0, RDI=0x00000000248db0c0
R8 =0x0000000000000011, R9 =0x0000000000000000, R10=0x0000000000000001, R11=0x000000001cb78d64
R12=0x0000000000000000, R13=0x0000000002e0e810, R14=0x0000000000001611, R15=0x0000000000000001
RIP=0x00007ff838097680, EFLAGS=0x0000000000010202

Top of Stack: (sp=0x0000000002e0e590)
0x0000000002e0e590:   cafebabecafebabe 0000000000000000
0x0000000002e0e5a0:   0000000000000000 0000000000000000
0x0000000002e0e5b0:   00000000274f39fc 00007ff838405500
0x0000000002e0e5c0:   0000075b00000464 0000000200000031
0x0000000002e0e5d0:   0000000002e0e770 0000000000000001
0x0000000002e0e5e0:   0000000000000000 00007ff838407d8f
0x0000000002e0e5f0:   0000000002e0e6f0 0000000002e0e7d0
0x0000000002e0e600:   00000000242c0000 00007ff838406470
0x0000000002e0e610:   00007ff837fb002a 00007ff800000001
0x0000000002e0e620:   0000000026ee6040 0000000100000000
0x0000000002e0e630:   4000268040000240 0000000000000000
0x0000000002e0e640:   00000000242c0000 0000000000000000
0x0000000002e0e650:   0000000000000000 00007ff837fb5038
0x0000000002e0e660:   00000000263695f0 0000000000000000
0x0000000002e0e670:   0000000000eb8500 0000000000000000
0x0000000002e0e680:   00007ff8389a1fb0 000000001cb60080 

Instructions: (pc=0x00007ff838097680)
0x00007ff838097660:   9f 41 83 e0 7f 0f 84 e0 00 00 00 45 8b d0 44 8b
0x00007ff838097670:   c9 49 c1 ea 04 4d 85 d2 0f 84 cd 00 00 00 66 90
0x00007ff838097680:   f3 0f 6f 02 41 ff c1 48 83 c2 10 41 8b c1 66 0f
0x00007ff838097690:   e7 07 48 83 c7 10 49 3b c2 72 e5 e9 ab 00 00 00 


Register to memory mapping:

RAX=0x000000000000002c is an unknown value
RBX=0x0000000002e0e680 is pointing into the stack for thread: 0x0000000002d0e000
RCX=0x0000000000000000 is an unknown value
RDX=0x00000000274f4ffc is an unknown value
RSP=0x0000000002e0e590 is pointing into the stack for thread: 0x0000000002d0e000
RBP=0x0000000000000000 is an unknown value
RSI=0x00000000248d9ac0 is an unknown value
RDI=0x00000000248db0c0 is an unknown value
R8 =0x0000000000000011 is an unknown value
R9 =0x0000000000000000 is an unknown value
R10=0x0000000000000001 is an unknown value
R11=0x000000001cb78d64 is an unknown value
R12=0x0000000000000000 is an unknown value
R13=0x0000000002e0e810 is pointing into the stack for thread: 0x0000000002d0e000
R14=0x0000000000001611 is an unknown value
R15=0x0000000000000001 is an unknown value


Stack: [0x0000000002d10000,0x0000000002e10000],  sp=0x0000000002e0e590,  free space=1017k
Native frames: (J=compiled Java code, j=interpreted, Vv=VM code, C=native code)

Java frames: (J=compiled Java code, j=interpreted, Vv=VM code)
j  org.lwjgl.opengl.GL11C.nglTexImage2D(IIIIIIIIJ)V+0
j  org.lwjgl.opengl.GL11C.glTexImage2D(IIIIIIIILjava/nio/ByteBuffer;)V+17
j  org.lwjgl.opengl.GL11.glTexImage2D(IIIIIIIILjava/nio/ByteBuffer;)V+14
J 740% C2 lenz.opengl.Texture.createTextureFromImage(Ljava/awt/image/BufferedImage;)V (235 bytes) @ 0x000000000320e28c [0x000000000320dc40+0x64c]
j  lenz.opengl.Texture.<init>(Ljava/lang/String;IZ)V+13
j  lenz.opengl.Texture.<init>(Ljava/lang/String;I)V+13
j  ab3.Aufgabe3undFolgende.init()V+1146
j  lenz.opengl.AbstractOpenGLBase.start(Ljava/lang/String;II)V+65
j  ab3.Aufgabe3undFolgende.main([Ljava/lang/String;)V+15
v  ~StubRoutines::call_stub

---------------  P R O C E S S  ---------------

Java Threads: ( => current thread )
  0x000000001b665800 JavaThread "Java2D Disposer" daemon [_thread_blocked, id=516, stack(0x0000000026b10000,0x0000000026c10000)]
  0x000000001977e800 JavaThread "Service Thread" daemon [_thread_blocked, id=5256, stack(0x000000001b160000,0x000000001b260000)]
  0x0000000019709000 JavaThread "C1 CompilerThread3" daemon [_thread_blocked, id=5508, stack(0x000000001b060000,0x000000001b160000)]
  0x0000000019708800 JavaThread "C2 CompilerThread2" daemon [_thread_blocked, id=12572, stack(0x000000001af60000,0x000000001b060000)]
  0x00000000196fa000 JavaThread "C2 CompilerThread1" daemon [_thread_blocked, id=13164, stack(0x000000001ae60000,0x000000001af60000)]
  0x00000000196f4800 JavaThread "C2 CompilerThread0" daemon [_thread_blocked, id=12232, stack(0x000000001ad60000,0x000000001ae60000)]
  0x00000000196f0800 JavaThread "Attach Listener" daemon [_thread_blocked, id=12828, stack(0x000000001ac60000,0x000000001ad60000)]
  0x000000001801d800 JavaThread "Signal Dispatcher" daemon [_thread_blocked, id=12776, stack(0x000000001ab60000,0x000000001ac60000)]
  0x00000000196e3000 JavaThread "Finalizer" daemon [_thread_blocked, id=13140, stack(0x000000001a940000,0x000000001aa40000)]
  0x0000000002f0b000 JavaThread "Reference Handler" daemon [_thread_blocked, id=9060, stack(0x000000001a840000,0x000000001a940000)]
=>0x0000000002d0e000 JavaThread "main" [_thread_in_native, id=11732, stack(0x0000000002d10000,0x0000000002e10000)]

Other Threads:
  0x00000000196c2800 VMThread [stack: 0x000000001a740000,0x000000001a840000] [id=13268]
  0x00000000197aa800 WatcherThread [stack: 0x000000001b260000,0x000000001b360000] [id=1540]

VM state:not at safepoint (normal execution)

VM Mutex/Monitor currently owned by a thread: None

Heap:
 PSYoungGen      total 37888K, used 11070K [0x00000000d6200000, 0x00000000dac00000, 0x0000000100000000)
  eden space 32768K, 27% used [0x00000000d6200000,0x00000000d6acbbc8,0x00000000d8200000)
  from space 5120K, 40% used [0x00000000d8200000,0x00000000d8404010,0x00000000d8700000)
  to   space 5120K, 0% used [0x00000000da700000,0x00000000da700000,0x00000000dac00000)
 ParOldGen       total 86016K, used 25570K [0x0000000082600000, 0x0000000087a00000, 0x00000000d6200000)
  object space 86016K, 29% used [0x0000000082600000,0x0000000083ef8838,0x0000000087a00000)
 Metaspace       used 10125K, capacity 10399K, committed 10624K, reserved 1058816K
  class space    used 933K, capacity 1032K, committed 1152K, reserved 1048576K

Card table byte_map: [0x00000000122d0000,0x00000000126c0000] byte_map_base: 0x0000000011ebd000

Marking Bits: (ParMarkBitMap*) 0x00000000586f3e30
 Begin Bits: [0x0000000013360000, 0x00000000152c8000)
 End Bits:   [0x00000000152c8000, 0x0000000017230000)

Polling page: 0x00000000009c0000

CodeCache: size=245760Kb used=3087Kb max_used=3101Kb free=242672Kb
 bounds [0x0000000002f10000, 0x0000000003220000, 0x0000000011f10000]
 total_blobs=1621 nmethods=759 adapters=775
 compilation: enabled

Compilation events (10 events):
Event: 0.898 Thread 0x0000000019709000  753       3       java.io.RandomAccessFile::read (8 bytes)
Event: 0.898 Thread 0x0000000019709000 nmethod 753 0x00000000032119d0 code [0x0000000003211b40, 0x0000000003211cc8]
Event: 0.899 Thread 0x0000000019709000  755   !   3       com.sun.imageio.plugins.jpeg.JPEGImageReader::readInputData (43 bytes)
Event: 0.899 Thread 0x0000000019709000 nmethod 755 0x0000000003211d90 code [0x0000000003211f40, 0x0000000003212448]
Event: 0.924 Thread 0x0000000019709000  756       3       java.io.RandomAccessFile::readFully (45 bytes)
Event: 0.924 Thread 0x0000000019709000 nmethod 756 0x0000000003212750 code [0x00000000032128e0, 0x0000000003212c78]
Event: 0.935 Thread 0x0000000019709000  758       3       java.io.FileInputStream::read (8 bytes)
Event: 0.936 Thread 0x0000000019709000 nmethod 758 0x0000000003213210 code [0x0000000003213380, 0x0000000003213508]
Event: 0.949 Thread 0x00000000196f4800  759       4       lenz.opengl.Texture::createTextureFromImage (235 bytes)
Event: 0.957 Thread 0x00000000196f4800 nmethod 759 0x0000000003216dd0 code [0x0000000003216fa0, 0x0000000003217b90]

GC Heap History (6 events):
Event: 0.788 GC heap before
{Heap before GC invocations=1 (full 0):
 PSYoungGen      total 37888K, used 32768K [0x00000000d6200000, 0x00000000d8c00000, 0x0000000100000000)
  eden space 32768K, 100% used [0x00000000d6200000,0x00000000d8200000,0x00000000d8200000)
  from space 5120K, 0% used [0x00000000d8700000,0x00000000d8700000,0x00000000d8c00000)
  to   space 5120K, 0% used [0x00000000d8200000,0x00000000d8200000,0x00000000d8700000)
 ParOldGen       total 86016K, used 0K [0x0000000082600000, 0x0000000087a00000, 0x00000000d6200000)
  object space 86016K, 0% used [0x0000000082600000,0x0000000082600000,0x0000000087a00000)
 Metaspace       used 10115K, capacity 10399K, committed 10624K, reserved 1058816K
  class space    used 933K, capacity 1032K, committed 1152K, reserved 1048576K
Event: 0.792 GC heap after
Heap after GC invocations=1 (full 0):
 PSYoungGen      total 37888K, used 5104K [0x00000000d6200000, 0x00000000d8c00000, 0x0000000100000000)
  eden space 32768K, 0% used [0x00000000d6200000,0x00000000d6200000,0x00000000d8200000)
  from space 5120K, 99% used [0x00000000d8200000,0x00000000d86fc0d8,0x00000000d8700000)
  to   space 5120K, 0% used [0x00000000d8700000,0x00000000d8700000,0x00000000d8c00000)
 ParOldGen       total 86016K, used 6952K [0x0000000082600000, 0x0000000087a00000, 0x00000000d6200000)
  object space 86016K, 8% used [0x0000000082600000,0x0000000082cca010,0x0000000087a00000)
 Metaspace       used 10115K, capacity 10399K, committed 10624K, reserved 1058816K
  class space    used 933K, capacity 1032K, committed 1152K, reserved 1048576K
}
Event: 0.963 GC heap before
{Heap before GC invocations=2 (full 0):
 PSYoungGen      total 37888K, used 37872K [0x00000000d6200000, 0x00000000d8c00000, 0x0000000100000000)
  eden space 32768K, 100% used [0x00000000d6200000,0x00000000d8200000,0x00000000d8200000)
  from space 5120K, 99% used [0x00000000d8200000,0x00000000d86fc0d8,0x00000000d8700000)
  to   space 5120K, 0% used [0x00000000d8700000,0x00000000d8700000,0x00000000d8c00000)
 ParOldGen       total 86016K, used 6952K [0x0000000082600000, 0x0000000087a00000, 0x00000000d6200000)
  object space 86016K, 8% used [0x0000000082600000,0x0000000082cca010,0x0000000087a00000)
 Metaspace       used 10125K, capacity 10399K, committed 10624K, reserved 1058816K
  class space    used 933K, capacity 1032K, committed 1152K, reserved 1048576K
Event: 0.968 GC heap after
Heap after GC invocations=2 (full 0):
 PSYoungGen      total 37888K, used 2080K [0x00000000d6200000, 0x00000000dac00000, 0x0000000100000000)
  eden space 32768K, 0% used [0x00000000d6200000,0x00000000d6200000,0x00000000d8200000)
  from space 5120K, 40% used [0x00000000d8700000,0x00000000d8908000,0x00000000d8c00000)
  to   space 5120K, 0% used [0x00000000d8200000,0x00000000d8200000,0x00000000d8700000)
 ParOldGen       total 86016K, used 25562K [0x0000000082600000, 0x0000000087a00000, 0x00000000d6200000)
  object space 86016K, 29% used [0x0000000082600000,0x0000000083ef6838,0x0000000087a00000)
 Metaspace       used 10125K, capacity 10399K, committed 10624K, reserved 1058816K
  class space    used 933K, capacity 1032K, committed 1152K, reserved 1048576K
}
Event: 1.015 GC heap before
{Heap before GC invocations=3 (full 0):
 PSYoungGen      total 37888K, used 34848K [0x00000000d6200000, 0x00000000dac00000, 0x0000000100000000)
  eden space 32768K, 100% used [0x00000000d6200000,0x00000000d8200000,0x00000000d8200000)
  from space 5120K, 40% used [0x00000000d8700000,0x00000000d8908000,0x00000000d8c00000)
  to   space 5120K, 0% used [0x00000000d8200000,0x00000000d8200000,0x00000000d8700000)
 ParOldGen       total 86016K, used 25562K [0x0000000082600000, 0x0000000087a00000, 0x00000000d6200000)
  object space 86016K, 29% used [0x0000000082600000,0x0000000083ef6838,0x0000000087a00000)
 Metaspace       used 10125K, capacity 10399K, committed 10624K, reserved 1058816K
  class space    used 933K, capacity 1032K, committed 1152K, reserved 1048576K
Event: 1.017 GC heap after
Heap after GC invocations=3 (full 0):
 PSYoungGen      total 37888K, used 2064K [0x00000000d6200000, 0x00000000dac00000, 0x0000000100000000)
  eden space 32768K, 0% used [0x00000000d6200000,0x00000000d6200000,0x00000000d8200000)
  from space 5120K, 40% used [0x00000000d8200000,0x00000000d8404010,0x00000000d8700000)
  to   space 5120K, 0% used [0x00000000da700000,0x00000000da700000,0x00000000dac00000)
 ParOldGen       total 86016K, used 25570K [0x0000000082600000, 0x0000000087a00000, 0x00000000d6200000)
  object space 86016K, 29% used [0x0000000082600000,0x0000000083ef8838,0x0000000087a00000)
 Metaspace       used 10125K, capacity 10399K, committed 10624K, reserved 1058816K
  class space    used 933K, capacity 1032K, committed 1152K, reserved 1048576K
}

Deoptimization events (1 events):
Event: 0.593 Thread 0x0000000002d0e000 Uncommon trap: reason=unstable_if action=reinterpret pc=0x00000000030c0c9c method=java.lang.String.indexOf([CII[CIII)I @ 3

Classes redefined (0 events):
No events

Internal exceptions (10 events):
Event: 0.091 Thread 0x0000000002d0e000 Exception <a 'java/lang/NoSuchMethodError': java.lang.Object.lambda$static$0(Ljava/lang/String;)Ljava/lang/Boolean;> (0x00000000d6432e20) thrown at [C:\re\workspace\8-2-build-windows-amd64-cygwin\jdk8u191\11896\hotspot\src\share\vm\interpreter\linkResolve
Event: 0.100 Thread 0x0000000002d0e000 Exception <a 'java/lang/NoSuchFieldError': method resolution failed> (0x00000000d64aae30) thrown at [C:\re\workspace\8-2-build-windows-amd64-cygwin\jdk8u191\11896\hotspot\src\share\vm\prims\methodHandles.cpp, line 1167]
Event: 0.101 Thread 0x0000000002d0e000 Exception <a 'java/lang/NoSuchFieldError': method resolution failed> (0x00000000d64b81b0) thrown at [C:\re\workspace\8-2-build-windows-amd64-cygwin\jdk8u191\11896\hotspot\src\share\vm\prims\methodHandles.cpp, line 1167]
Event: 0.113 Thread 0x0000000002d0e000 Exception <a 'java/security/PrivilegedActionException'> (0x00000000d65479b8) thrown at [C:\re\workspace\8-2-build-windows-amd64-cygwin\jdk8u191\11896\hotspot\src\share\vm\prims\jvm.cpp, line 1435]
Event: 0.113 Thread 0x0000000002d0e000 Exception <a 'java/security/PrivilegedActionException'> (0x00000000d6547bc8) thrown at [C:\re\workspace\8-2-build-windows-amd64-cygwin\jdk8u191\11896\hotspot\src\share\vm\prims\jvm.cpp, line 1435]
Event: 0.113 Thread 0x0000000002d0e000 Exception <a 'java/security/PrivilegedActionException'> (0x00000000d6549f78) thrown at [C:\re\workspace\8-2-build-windows-amd64-cygwin\jdk8u191\11896\hotspot\src\share\vm\prims\jvm.cpp, line 1435]
Event: 0.113 Thread 0x0000000002d0e000 Exception <a 'java/security/PrivilegedActionException'> (0x00000000d654a188) thrown at [C:\re\workspace\8-2-build-windows-amd64-cygwin\jdk8u191\11896\hotspot\src\share\vm\prims\jvm.cpp, line 1435]
Event: 0.374 Thread 0x0000000002d0e000 Exception <a 'sun/nio/fs/WindowsException'> (0x00000000d6821b98) thrown at [C:\re\workspace\8-2-build-windows-amd64-cygwin\jdk8u191\11896\hotspot\src\share\vm\prims\jni.cpp, line 709]
Event: 0.374 Thread 0x0000000002d0e000 Exception <a 'sun/nio/fs/WindowsException'> (0x00000000d6822390) thrown at [C:\re\workspace\8-2-build-windows-amd64-cygwin\jdk8u191\11896\hotspot\src\share\vm\prims\jni.cpp, line 709]
Event: 0.584 Thread 0x0000000002d0e000 Exception <a 'java/io/FileNotFoundException'> (0x00000000d6f447c8) thrown at [C:\re\workspace\8-2-build-windows-amd64-cygwin\jdk8u191\11896\hotspot\src\share\vm\prims\jni.cpp, line 709]

Events (10 events):
Event: 0.776 Thread 0x0000000002d0e000 DEOPT PACKING pc=0x00000000032070ca sp=0x0000000002e0efb0
Event: 0.776 Thread 0x0000000002d0e000 DEOPT UNPACKING pc=0x0000000002f57890 sp=0x0000000002e0eea8 mode 0
Event: 0.788 Executing VM operation: ParallelGCFailedAllocation
Event: 0.792 Executing VM operation: ParallelGCFailedAllocation done
Event: 0.949 Thread 0x0000000002d0e000 DEOPT PACKING pc=0x0000000003209c32 sp=0x0000000002e0eff0
Event: 0.949 Thread 0x0000000002d0e000 DEOPT UNPACKING pc=0x0000000002f57890 sp=0x0000000002e0eea8 mode 0
Event: 0.963 Executing VM operation: ParallelGCFailedAllocation
Event: 0.968 Executing VM operation: ParallelGCFailedAllocation done
Event: 1.015 Executing VM operation: ParallelGCFailedAllocation
Event: 1.017 Executing VM operation: ParallelGCFailedAllocation done


Dynamic libraries:
0x00007ff65ef90000 - 0x00007ff65efc7000 	D:\Programme\Java\bin\javaw.exe
0x00007ff88d6c0000 - 0x00007ff88d8a1000 	C:\WINDOWS\SYSTEM32\ntdll.dll
0x00007ff88ca70000 - 0x00007ff88cb22000 	C:\WINDOWS\System32\KERNEL32.DLL
0x00007ff889eb0000 - 0x00007ff88a123000 	C:\WINDOWS\System32\KERNELBASE.dll
0x00007ff88ab50000 - 0x00007ff88abf1000 	C:\WINDOWS\System32\ADVAPI32.dll
0x00007ff88d5f0000 - 0x00007ff88d68e000 	C:\WINDOWS\System32\msvcrt.dll
0x00007ff88ac00000 - 0x00007ff88ac5b000 	C:\WINDOWS\System32\sechost.dll
0x00007ff88b430000 - 0x00007ff88b554000 	C:\WINDOWS\System32\RPCRT4.dll
0x00007ff88d290000 - 0x00007ff88d420000 	C:\WINDOWS\System32\USER32.dll
0x00007ff889c30000 - 0x00007ff889c50000 	C:\WINDOWS\System32\win32u.dll
0x00007ff88cb30000 - 0x00007ff88cb58000 	C:\WINDOWS\System32\GDI32.dll
0x00007ff889a90000 - 0x00007ff889c22000 	C:\WINDOWS\System32\gdi32full.dll
0x00007ff88a130000 - 0x00007ff88a1cf000 	C:\WINDOWS\System32\msvcp_win.dll
0x00007ff889c50000 - 0x00007ff889d4a000 	C:\WINDOWS\System32\ucrtbase.dll
0x00007ff8727e0000 - 0x00007ff872a49000 	C:\WINDOWS\WinSxS\amd64_microsoft.windows.common-controls_6595b64144ccf1df_6.0.17134.523_none_fb409dd930672a56\COMCTL32.dll
0x00007ff88ac60000 - 0x00007ff88af82000 	C:\WINDOWS\System32\combase.dll
0x00007ff88aad0000 - 0x00007ff88ab4a000 	C:\WINDOWS\System32\bcryptPrimitives.dll
0x00007ff88b600000 - 0x00007ff88b62d000 	C:\WINDOWS\System32\IMM32.DLL
0x00000000579e0000 - 0x0000000057ab2000 	D:\Programme\Java\bin\msvcr100.dll
0x0000000057ed0000 - 0x0000000058774000 	D:\Programme\Java\bin\server\jvm.dll
0x00007ff88b030000 - 0x00007ff88b038000 	C:\WINDOWS\System32\PSAPI.DLL
0x00007ff878820000 - 0x00007ff878829000 	C:\WINDOWS\SYSTEM32\WSOCK32.dll
0x00007ff8793e0000 - 0x00007ff8793ea000 	C:\WINDOWS\SYSTEM32\VERSION.dll
0x00007ff887b50000 - 0x00007ff887b73000 	C:\WINDOWS\SYSTEM32\WINMM.dll
0x00007ff88b3c0000 - 0x00007ff88b42c000 	C:\WINDOWS\System32\WS2_32.dll
0x00007ff887700000 - 0x00007ff88772a000 	C:\WINDOWS\SYSTEM32\winmmbase.dll
0x00007ff889d50000 - 0x00007ff889d99000 	C:\WINDOWS\System32\cfgmgr32.dll
0x0000000057de0000 - 0x0000000057def000 	D:\Programme\Java\bin\verify.dll
0x0000000057db0000 - 0x0000000057dd9000 	D:\Programme\Java\bin\java.dll
0x0000000057d90000 - 0x0000000057da6000 	D:\Programme\Java\bin\zip.dll
0x00007ff88b630000 - 0x00007ff88ca70000 	C:\WINDOWS\System32\SHELL32.dll
0x00007ff88b310000 - 0x00007ff88b3b9000 	C:\WINDOWS\System32\shcore.dll
0x00007ff88a1d0000 - 0x00007ff88a8dd000 	C:\WINDOWS\System32\windows.storage.dll
0x00007ff88b110000 - 0x00007ff88b161000 	C:\WINDOWS\System32\shlwapi.dll
0x00007ff889a60000 - 0x00007ff889a71000 	C:\WINDOWS\System32\kernel.appcore.dll
0x00007ff889a40000 - 0x00007ff889a5f000 	C:\WINDOWS\System32\profapi.dll
0x00007ff8899d0000 - 0x00007ff889a1c000 	C:\WINDOWS\System32\powrprof.dll
0x00007ff889a80000 - 0x00007ff889a8a000 	C:\WINDOWS\System32\FLTLIB.DLL
0x0000000057d70000 - 0x0000000057d8a000 	D:\Programme\Java\bin\net.dll
0x00007ff889250000 - 0x00007ff8892b6000 	C:\WINDOWS\system32\mswsock.dll
0x0000000057d50000 - 0x0000000057d61000 	D:\Programme\Java\bin\nio.dll
0x00007ff882f60000 - 0x00007ff882fc1000 	C:\Users\Pascal\AppData\Local\Temp\lwjglPascal\3.2.0-build-12\lwjgl.dll
0x00007ff882f00000 - 0x00007ff882f5c000 	C:\Users\Pascal\AppData\Local\Temp\lwjglPascal\3.2.0-build-12\glfw.dll
0x00007ff887fc0000 - 0x00007ff888058000 	C:\WINDOWS\system32\uxtheme.dll
0x00007ff8847c0000 - 0x00007ff884803000 	C:\WINDOWS\SYSTEM32\dinput8.dll
0x00007ff887cd0000 - 0x00007ff887ce0000 	C:\WINDOWS\SYSTEM32\xinput1_4.dll
0x00007ff8897e0000 - 0x00007ff889807000 	C:\WINDOWS\SYSTEM32\DEVOBJ.dll
0x00007ff888140000 - 0x00007ff888169000 	C:\WINDOWS\SYSTEM32\dwmapi.dll
0x00007ff87b260000 - 0x00007ff87b2d9000 	C:\WINDOWS\SYSTEM32\inputhost.dll
0x00007ff885f10000 - 0x00007ff88605d000 	C:\WINDOWS\SYSTEM32\wintypes.dll
0x00007ff887a70000 - 0x00007ff887b4a000 	C:\WINDOWS\SYSTEM32\CoreMessaging.dll
0x00007ff8859e0000 - 0x00007ff885cfe000 	C:\WINDOWS\SYSTEM32\CoreUIComponents.dll
0x00007ff888ac0000 - 0x00007ff888af1000 	C:\WINDOWS\SYSTEM32\ntmarta.dll
0x00007ff88d110000 - 0x00007ff88d283000 	C:\WINDOWS\System32\MSCTF.dll
0x00007ff88b040000 - 0x00007ff88b102000 	C:\WINDOWS\System32\OLEAUT32.dll
0x00007ff8886e0000 - 0x00007ff8886ec000 	C:\WINDOWS\SYSTEM32\HID.DLL
0x00007ff88cb60000 - 0x00007ff88cfab000 	C:\WINDOWS\System32\SETUPAPI.DLL
0x00007ff889e50000 - 0x00007ff889ea7000 	C:\WINDOWS\System32\WINTRUST.dll
0x00007ff889a20000 - 0x00007ff889a32000 	C:\WINDOWS\System32\MSASN1.dll
0x00007ff88a8e0000 - 0x00007ff88aac2000 	C:\WINDOWS\System32\CRYPT32.dll
0x00007ff86bc50000 - 0x00007ff86bd70000 	C:\WINDOWS\SYSTEM32\opengl32.dll
0x00007ff86c900000 - 0x00007ff86c92c000 	C:\WINDOWS\SYSTEM32\GLU32.dll
0x00007ff837f90000 - 0x00007ff838e90000 	C:\WINDOWS\System32\DriverStore\FileRepository\igdlh64.inf_amd64_b5d4c82c67b39358\ig9icd64.dll
0x00007ff888790000 - 0x00007ff88884b000 	C:\WINDOWS\SYSTEM32\dxgi.dll
0x00007ff8866a0000 - 0x00007ff8866b3000 	C:\WINDOWS\SYSTEM32\WTSAPI32.dll
0x00007ff87fde0000 - 0x00007ff881b80000 	C:\WINDOWS\System32\DriverStore\FileRepository\igdlh64.inf_amd64_b5d4c82c67b39358\igc64.dll
0x00007ff87b1c0000 - 0x00007ff87b256000 	C:\WINDOWS\System32\TextInputFramework.dll
0x00007ff882ea0000 - 0x00007ff882ef9000 	C:\Users\Pascal\AppData\Local\Temp\lwjglPascal\3.2.0-build-12\lwjgl_opengl.dll
0x0000000057840000 - 0x00000000579d9000 	D:\Programme\Java\bin\awt.dll
0x00007ff887e00000 - 0x00007ff887e8b000 	C:\WINDOWS\SYSTEM32\apphelp.dll
0x00007ff889400000 - 0x00007ff889417000 	C:\WINDOWS\SYSTEM32\CRYPTSP.dll
0x00007ff888dd0000 - 0x00007ff888e03000 	C:\WINDOWS\system32\rsaenh.dll
0x00007ff889530000 - 0x00007ff889555000 	C:\WINDOWS\SYSTEM32\bcrypt.dll
0x00007ff889900000 - 0x00007ff889928000 	C:\WINDOWS\SYSTEM32\USERENV.dll
0x00007ff889420000 - 0x00007ff88942b000 	C:\WINDOWS\SYSTEM32\CRYPTBASE.dll
0x00007ff888fd0000 - 0x00007ff889008000 	C:\WINDOWS\SYSTEM32\IPHLPAPI.DLL
0x00007ff88d5e0000 - 0x00007ff88d5e8000 	C:\WINDOWS\System32\NSI.dll
0x00007ff882010000 - 0x00007ff882026000 	C:\WINDOWS\SYSTEM32\dhcpcsvc6.DLL
0x00007ff8827d0000 - 0x00007ff8827ea000 	C:\WINDOWS\SYSTEM32\dhcpcsvc.DLL
0x0000000057800000 - 0x0000000057831000 	D:\Programme\Java\bin\jpeg.dll
0x00000000577c0000 - 0x00000000577fe000 	D:\Programme\Java\bin\lcms.dll
0x00007ff882820000 - 0x00007ff8829e9000 	C:\WINDOWS\SYSTEM32\dbghelp.dll

VM Arguments:
jvm_args: -Dfile.encoding=Cp1252 
java_command: ab3.Aufgabe3undFolgende
java_class_path (initial): D:\Studium\eclipse-workspace\Computergrafik18.12\bin;D:\Studium\eclipse-workspace\Computergrafik18.12\lib\lwjgl-glfw-natives-linux.jar;D:\Studium\eclipse-workspace\Computergrafik18.12\lib\lwjgl-glfw-natives-macos.jar;D:\Studium\eclipse-workspace\Computergrafik18.12\lib\lwjgl-glfw-natives-windows.jar;D:\Studium\eclipse-workspace\Computergrafik18.12\lib\lwjgl-glfw.jar;D:\Studium\eclipse-workspace\Computergrafik18.12\lib\lwjgl-natives-linux.jar;D:\Studium\eclipse-workspace\Computergrafik18.12\lib\lwjgl-natives-macos.jar;D:\Studium\eclipse-workspace\Computergrafik18.12\lib\lwjgl-natives-windows.jar;D:\Studium\eclipse-workspace\Computergrafik18.12\lib\lwjgl-opengl-natives-linux.jar;D:\Studium\eclipse-workspace\Computergrafik18.12\lib\lwjgl-opengl-natives-macos.jar;D:\Studium\eclipse-workspace\Computergrafik18.12\lib\lwjgl-opengl-natives-windows.jar;D:\Studium\eclipse-workspace\Computergrafik18.12\lib\lwjgl-opengl.jar;D:\Studium\eclipse-workspace\Computergrafik18.12\lib\lwjgl.jar
Launcher Type: SUN_STANDARD

Environment Variables:
PATH=D:/Programme/Java/bin/server;D:/Programme/Java/bin;D:/Programme/Java/lib/amd64;C:\Program Files (x86)\Common Files\Oracle\Java\javapath;C:\Program Files (x86)\Intel\Intel(R) Management Engine Components\iCLS\;C:\Program Files\Intel\Intel(R) Management Engine Components\iCLS\;C:\Windows\system32;C:\Windows;C:\Windows\System32\Wbem;C:\Windows\System32\WindowsPowerShell\v1.0\;C:\Program Files (x86)\Intel\Intel(R) Management Engine Components\DAL;C:\Program Files\Intel\Intel(R) Management Engine Components\DAL;C:\Program Files (x86)\Intel\Intel(R) Management Engine Components\IPT;C:\Program Files\Intel\Intel(R) Management Engine Components\IPT;C:\Program Files (x86)\NVIDIA Corporation\PhysX\Common;C:\Program Files\Intel\WiFi\bin\;C:\Program Files\Common Files\Intel\WirelessCommon\;C:\WINDOWS\system32;C:\WINDOWS;C:\WINDOWS\System32\Wbem;C:\WINDOWS\System32\WindowsPowerShell\v1.0\;C:\WINDOWS\System32\OpenSSH\;D:\Programme\Git\cmd;D:\Programme\Git\mingw32\bin;D:\Programme\Git\usr\bin;D:\Programme\Ruby25-x64\bin;C:\Users\Pascal\AppData\Local\Microsoft\WindowsApps;C:\WINDOWS\system32;
USERNAME=Pascal
OS=Windows_NT
PROCESSOR_IDENTIFIER=Intel64 Family 6 Model 158 Stepping 10, GenuineIntel



---------------  S Y S T E M  ---------------

OS: Windows 10.0 , 64 bit Build 17134 (10.0.17134.1)

CPU:total 12 (initial active 12) (6 cores per cpu, 2 threads per core) family 6 model 158 stepping 10, cmov, cx8, fxsr, mmx, sse, sse2, sse3, ssse3, sse4.1, sse4.2, popcnt, avx, avx2, aes, clmul, erms, 3dnowpref, lzcnt, ht, tsc, tscinvbit, bmi1, bmi2, adx

Memory: 4k page, physical 8227124k(4043532k free), swap 12290356k(6471780k free)

vm_info: Java HotSpot(TM) 64-Bit Server VM (25.191-b12) for windows-amd64 JRE (1.8.0_191-b12), built on Oct  6 2018 09:29:03 by "java_re" with MS VC++ 10.0 (VS2010)

time: Mon Jan 14 01:08:22 2019
elapsed time: 2 seconds (0d 0h 0m 2s)

